#
# There is insufficient memory for the Java Runtime Environment to continue.
# Native memory allocation (mmap) failed to map 99614720 bytes for committing reserved memory.
# Possible reasons:
#   The system is out of physical RAM or swap space
#   The process is running with CompressedOops enabled, and the Java Heap may be blocking the growth of the native heap
# Possible solutions:
#   Reduce memory load on the system
#   Increase physical memory or swap space
#   Check if swap backing store is full
#   Decrease Java heap size (-Xmx/-Xms)
#   Decrease number of Java threads
#   Decrease Java thread stack sizes (-Xss)
#   Set larger code cache with -XX:ReservedCodeCacheSize=
#   JVM is running with Unscaled Compressed Oops mode in which the Java heap is
#     placed in the first 4GB address space. The Java Heap base address is the
#     maximum limit for the native heap growth. Please use -XX:HeapBaseMinAddress
#     to set the Java Heap base and to place the Java Heap above 4GB virtual address.
# This output file may be truncated or incomplete.
#
#  Out of Memory Error (os_linux.cpp:2866), pid=17631, tid=17638
#
# JRE version: OpenJDK Runtime Environment (11.0.7+10) (build 11.0.7+10-post-Ubuntu-2ubuntu218.04)
# Java VM: OpenJDK 64-Bit Server VM (11.0.7+10-post-Ubuntu-2ubuntu218.04, mixed mode, sharing, tiered, compressed oops, g1 gc, linux-amd64)
# Core dump will be written. Default location: Core dumps may be processed with "/usr/share/apport/apport %p %s %c %d %P %E" (or dumping to /home/ranan/Área de Trabalho/PastoraBus/core.17631)
#

---------------  S U M M A R Y ------------

Command Line: --add-opens=java.base/java.util=ALL-UNNAMED --add-opens=java.base/java.lang=ALL-UNNAMED --add-opens=java.base/java.lang.invoke=ALL-UNNAMED --add-opens=java.prefs/java.util.prefs=ALL-UNNAMED -Xmx1536m -Dfile.encoding=UTF-8 -Duser.country=BR -Duser.language=pt -Duser.variant org.gradle.launcher.daemon.bootstrap.GradleDaemon 6.1.1

Host: Intel(R) Core(TM) i5-8250U CPU @ 1.60GHz, 8 cores, 7G, Ubuntu 18.04.4 LTS
Time: Mon Jun  8 20:08:30 2020 -03 elapsed time: 1445 seconds (0d 0h 24m 5s)

---------------  T H R E A D  ---------------

Current thread (0x00007fbbf4111800):  VMThread "VM Thread" [stack: 0x00007fbbf8196000,0x00007fbbf8296000] [id=17638]

Stack: [0x00007fbbf8196000,0x00007fbbf8296000],  sp=0x00007fbbf8293e40,  free space=1015k
Native frames: (J=compiled Java code, A=aot compiled Java code, j=interpreted, Vv=VM code, C=native code)
V  [libjvm.so+0xdf8009]
V  [libjvm.so+0xdf8c9b]
V  [libjvm.so+0x6514e5]
V  [libjvm.so+0xbcfd48]
V  [libjvm.so+0xbc739d]
V  [libjvm.so+0x77034f]
V  [libjvm.so+0x7705be]
V  [libjvm.so+0x77c630]
V  [libjvm.so+0x7f8339]
V  [libjvm.so+0x7f8f92]
V  [libjvm.so+0x7f93f9]
V  [libjvm.so+0x72ea4f]
V  [libjvm.so+0x73374a]
V  [libjvm.so+0xe03291]
V  [libjvm.so+0xdfa8d8]
V  [libjvm.so+0xe00a96]
V  [libjvm.so+0xe00fa0]
V  [libjvm.so+0xe01423]
V  [libjvm.so+0xd85acf]
V  [libjvm.so+0xbd59de]

VM_Operation (0x00007fbadfdfac40): G1CollectForAllocation, mode: safepoint, requested by thread 0x00007fbb794ca800


---------------  P R O C E S S  ---------------

Threads class SMR info:
_java_thread_list=0x000055d9db30ced0, length=48, elements={
0x00007fbbf4016800, 0x00007fbbf4114800, 0x00007fbbf4116800, 0x00007fbbf411c000,
0x00007fbbf411e000, 0x00007fbbf4120000, 0x00007fbbf4122000, 0x00007fbbf4177800,
0x00007fbbf417a000, 0x00007fbbf4707800, 0x00007fbbf51e4800, 0x00007fbbf5215800,
0x00007fbb84014800, 0x00007fbb7c004000, 0x00007fbb7c007000, 0x00007fbb7c009000,
0x00007fbb78003000, 0x00007fbb7800e000, 0x00007fbb78018000, 0x00007fbb781dc800,
0x00007fbb781e4800, 0x00007fbb78161800, 0x00007fbb78300000, 0x00007fbb78306800,
0x00007fbb78532000, 0x00007fbb78589800, 0x00007fbb785bb000, 0x00007fbb78b99000,
0x00007fbb78b9d800, 0x00007fbb78b9f800, 0x00007fbb78ba1000, 0x00007fbb78ba3000,
0x00007fbb78ba4800, 0x00007fbb78ba6800, 0x00007fbb78ba8000, 0x00007fbb78f56000,
0x00007fbb78cf6800, 0x00007fbb79583800, 0x00007fbb79595000, 0x00007fbb79596800,
0x00007fbb794c4800, 0x00007fbb794c7800, 0x00007fbb794c8800, 0x00007fbb794ca800,
0x00007fbb794cc800, 0x00007fbb79007800, 0x00007fbb79009800, 0x000055d9db30b800
}

Java Threads: ( => current thread )
  0x00007fbbf4016800 JavaThread "main" [_thread_blocked, id=17632, stack(0x00007fbbfe8a8000,0x00007fbbfe9a9000)]
  0x00007fbbf4114800 JavaThread "Reference Handler" daemon [_thread_blocked, id=17639, stack(0x00007fbbf8093000,0x00007fbbf8194000)]
  0x00007fbbf4116800 JavaThread "Finalizer" daemon [_thread_blocked, id=17640, stack(0x00007fbbdc80c000,0x00007fbbdc90d000)]
  0x00007fbbf411c000 JavaThread "Signal Dispatcher" daemon [_thread_blocked, id=17641, stack(0x00007fbbdc70b000,0x00007fbbdc80c000)]
  0x00007fbbf411e000 JavaThread "C2 CompilerThread0" daemon [_thread_blocked, id=17642, stack(0x00007fbbdc60a000,0x00007fbbdc70b000)]
  0x00007fbbf4120000 JavaThread "C1 CompilerThread0" daemon [_thread_blocked, id=17643, stack(0x00007fbbdc509000,0x00007fbbdc60a000)]
  0x00007fbbf4122000 JavaThread "Sweeper thread" daemon [_thread_blocked, id=17644, stack(0x00007fbbdc408000,0x00007fbbdc509000)]
  0x00007fbbf4177800 JavaThread "Common-Cleaner" daemon [_thread_blocked, id=17646, stack(0x00007fbbdc307000,0x00007fbbdc408000)]
  0x00007fbbf417a000 JavaThread "Service Thread" daemon [_thread_blocked, id=17649, stack(0x00007fbbdc206000,0x00007fbbdc307000)]
  0x00007fbbf4707800 JavaThread "Daemon health stats" [_thread_blocked, id=17654, stack(0x00007fbbcd9f2000,0x00007fbbcdaf3000)]
  0x00007fbbf51e4800 JavaThread "Incoming local TCP Connector on port 45675" [_thread_in_native, id=17655, stack(0x00007fbbcd6ee000,0x00007fbbcd7ef000)]
  0x00007fbbf5215800 JavaThread "Daemon periodic checks" [_thread_blocked, id=17656, stack(0x00007fbbcd5ed000,0x00007fbbcd6ee000)]
  0x00007fbb84014800 JavaThread "Daemon" [_thread_blocked, id=17657, stack(0x00007fbbcd4ec000,0x00007fbbcd5ed000)]
  0x00007fbb7c004000 JavaThread "Handler for socket connection from /127.0.0.1:45675 to /127.0.0.1:53090" [_thread_in_native, id=17658, stack(0x00007fbbcd3eb000,0x00007fbbcd4ec000)]
  0x00007fbb7c007000 JavaThread "Cancel handler" [_thread_blocked, id=17659, stack(0x00007fbbcd2ea000,0x00007fbbcd3eb000)]
  0x00007fbb7c009000 JavaThread "Daemon worker" [_thread_blocked, id=17660, stack(0x00007fbbcd1e9000,0x00007fbbcd2ea000)]
  0x00007fbb78003000 JavaThread "Asynchronous log dispatcher for DefaultDaemonConnection: socket connection from /127.0.0.1:45675 to /127.0.0.1:53090" [_thread_blocked, id=17663, stack(0x00007fbbcd0e8000,0x00007fbbcd1e9000)]
  0x00007fbb7800e000 JavaThread "Stdin handler" [_thread_blocked, id=17664, stack(0x00007fbbccfe7000,0x00007fbbcd0e8000)]
  0x00007fbb78018000 JavaThread "Thread-8" [_thread_blocked, id=17665, stack(0x00007fbbccee6000,0x00007fbbccfe7000)]
  0x00007fbb781dc800 JavaThread "Cache worker for journal cache (/home/ranan/.gradle/caches/journal-1)" [_thread_blocked, id=17666, stack(0x00007fbbccbe5000,0x00007fbbccce6000)]
  0x00007fbb781e4800 JavaThread "File lock request listener" [_thread_in_native, id=17667, stack(0x00007fbbccae4000,0x00007fbbccbe5000)]
  0x00007fbb78161800 JavaThread "Cache worker for file hash cache (/home/ranan/.gradle/caches/6.1.1/fileHashes)" [_thread_blocked, id=17669, stack(0x00007fbbcc7e3000,0x00007fbbcc8e4000)]
  0x00007fbb78300000 JavaThread "Cache worker for checksums cache (/home/ranan/Área de Trabalho/PastoraBus/.gradle/checksums)" [_thread_blocked, id=17679, stack(0x00007fbb4beff000,0x00007fbb4c000000)]
  0x00007fbb78306800 JavaThread "Cache worker for file hash cache (/home/ranan/Área de Trabalho/PastoraBus/.gradle/6.1.1/fileHashes)" [_thread_blocked, id=17680, stack(0x00007fbb4bdfe000,0x00007fbb4beff000)]
  0x00007fbb78532000 JavaThread "Cache worker for cache directory md-supplier (/home/ranan/.gradle/caches/6.1.1/md-supplier)" [_thread_blocked, id=17681, stack(0x00007fbb4bafd000,0x00007fbb4bbfe000)]
  0x00007fbb78589800 JavaThread "Cache worker for cache directory md-rule (/home/ranan/.gradle/caches/6.1.1/md-rule)" [_thread_blocked, id=17682, stack(0x00007fbb4b9fc000,0x00007fbb4bafd000)]
  0x00007fbb785bb000 JavaThread "Cache worker for execution history cache (/home/ranan/.gradle/caches/6.1.1/executionHistory)" [_thread_blocked, id=17683, stack(0x00007fbb4b6fb000,0x00007fbb4b7fc000)]
  0x00007fbb78b99000 JavaThread "Build operations" [_thread_blocked, id=17688, stack(0x00007fbb4a8f8000,0x00007fbb4a9f9000)]
  0x00007fbb78b9d800 JavaThread "Build operations Thread 2" [_thread_blocked, id=17689, stack(0x00007fbb4a7f7000,0x00007fbb4a8f8000)]
  0x00007fbb78b9f800 JavaThread "Build operations Thread 3" [_thread_blocked, id=17690, stack(0x00007fbb4a6f6000,0x00007fbb4a7f7000)]
  0x00007fbb78ba1000 JavaThread "Build operations Thread 4" [_thread_blocked, id=17691, stack(0x00007fbb4a5f5000,0x00007fbb4a6f6000)]
  0x00007fbb78ba3000 JavaThread "Build operations Thread 5" [_thread_blocked, id=17692, stack(0x00007fbb4a4f4000,0x00007fbb4a5f5000)]
  0x00007fbb78ba4800 JavaThread "Build operations Thread 6" [_thread_blocked, id=17693, stack(0x00007fbb4a3f3000,0x00007fbb4a4f4000)]
  0x00007fbb78ba6800 JavaThread "Build operations Thread 7" [_thread_blocked, id=17694, stack(0x00007fbb4a2f2000,0x00007fbb4a3f3000)]
  0x00007fbb78ba8000 JavaThread "Build operations Thread 8" [_thread_blocked, id=17695, stack(0x00007fbb4a1f1000,0x00007fbb4a2f2000)]
  0x00007fbb78f56000 JavaThread "pool-1-thread-1" [_thread_blocked, id=17698, stack(0x00007fbb49cf0000,0x00007fbb49df1000)]
  0x00007fbb78cf6800 JavaThread "Cache worker for Build Output Cleanup Cache (/home/ranan/Área de Trabalho/PastoraBus/.gradle/buildOutputCleanup)" [_thread_blocked, id=17701, stack(0x00007fbb499ef000,0x00007fbb49af0000)]
  0x00007fbb79583800 JavaThread "Memory manager" [_thread_blocked, id=17706, stack(0x00007fbb48eee000,0x00007fbb48fef000)]
  0x00007fbb79595000 JavaThread "Cache worker for file content cache (/home/ranan/.gradle/caches/6.1.1/fileContent)" [_thread_blocked, id=17707, stack(0x00007fbb48ded000,0x00007fbb48eee000)]
  0x00007fbb79596800 JavaThread "Cache worker for file content cache (/home/ranan/Área de Trabalho/PastoraBus/.gradle/6.1.1/fileContent)" [_thread_blocked, id=17708, stack(0x00007fbb48ad7000,0x00007fbb48bd8000)]
  0x00007fbb794c4800 JavaThread "Execution worker for ':'" [_thread_blocked, id=17776, stack(0x00007fbb480cc000,0x00007fbb481cd000)]
  0x00007fbb794c7800 JavaThread "Execution worker for ':' Thread 2" [_thread_blocked, id=17777, stack(0x00007fbadfeff000,0x00007fbae0000000)]
  0x00007fbb794c8800 JavaThread "Execution worker for ':' Thread 3" [_thread_blocked, id=17778, stack(0x00007fbadfdfe000,0x00007fbadfeff000)]
  0x00007fbb794ca800 JavaThread "Execution worker for ':' Thread 4" [_thread_blocked, id=17779, stack(0x00007fbadfcfd000,0x00007fbadfdfe000)]
  0x00007fbb794cc800 JavaThread "Execution worker for ':' Thread 5" [_thread_blocked, id=17780, stack(0x00007fbadfbfc000,0x00007fbadfcfd000)]
  0x00007fbb79007800 JavaThread "Execution worker for ':' Thread 6" [_thread_blocked, id=17781, stack(0x00007fbadfafb000,0x00007fbadfbfc000)]
  0x00007fbb79009800 JavaThread "Execution worker for ':' Thread 7" [_thread_blocked, id=17782, stack(0x00007fbadf9fa000,0x00007fbadfafb000)]
  0x000055d9db30b800 JavaThread "Cache worker for execution history cache (/home/ranan/Área de Trabalho/PastoraBus/.gradle/6.1.1/executionHistory)" [_thread_blocked, id=17835, stack(0x00007fbadf6f9000,0x00007fbadf7fa000)]

Other Threads:
=>0x00007fbbf4111800 VMThread "VM Thread" [stack: 0x00007fbbf8196000,0x00007fbbf8296000] [id=17638]
  0x00007fbbf417d000 WatcherThread [stack: 0x00007fbbdc106000,0x00007fbbdc206000] [id=17650]
  0x00007fbbf402f800 GCTaskThread "GC Thread#0" [stack: 0x00007fbbfa88c000,0x00007fbbfa98c000] [id=17633]
  0x00007fbbc0001000 GCTaskThread "GC Thread#1" [stack: 0x00007fbbdc004000,0x00007fbbdc104000] [id=17652]
  0x00007fbbc0002800 GCTaskThread "GC Thread#2" [stack: 0x00007fbbcdf00000,0x00007fbbce000000] [id=17653]
  0x00007fbbc0005800 GCTaskThread "GC Thread#3" [stack: 0x00007fbbcc6e3000,0x00007fbbcc7e3000] [id=17671]
  0x00007fbbc0007000 GCTaskThread "GC Thread#4" [stack: 0x00007fbbcc5e1000,0x00007fbbcc6e1000] [id=17672]
  0x00007fbbc0008800 GCTaskThread "GC Thread#5" [stack: 0x00007fbbcc4df000,0x00007fbbcc5df000] [id=17673]
  0x00007fbbc000a000 GCTaskThread "GC Thread#6" [stack: 0x00007fbbcc3dd000,0x00007fbbcc4dd000] [id=17674]
  0x00007fbbc000c000 GCTaskThread "GC Thread#7" [stack: 0x00007fbbcc2db000,0x00007fbbcc3db000] [id=17675]
  0x00007fbbf4057000 ConcurrentGCThread "G1 Main Marker" [stack: 0x00007fbbf9682000,0x00007fbbf9782000] [id=17634]
  0x00007fbbf4059000 ConcurrentGCThread "G1 Conc#0" [stack: 0x00007fbbf9580000,0x00007fbbf9680000] [id=17635]
  0x00007fbbd0001000 ConcurrentGCThread "G1 Conc#1" [stack: 0x00007fbb4b5fb000,0x00007fbb4b6fb000] [id=17684]
  0x00007fbbf40e0000 ConcurrentGCThread "G1 Refine#0" [stack: 0x00007fbbf8c76000,0x00007fbbf8d76000] [id=17636]
  0x00007fbbc4003800 ConcurrentGCThread "G1 Refine#1" [stack: 0x00007fbb485d7000,0x00007fbb486d7000] [id=17771]
  0x00007fbaf0001000 ConcurrentGCThread "G1 Refine#2" [stack: 0x00007fbb484d5000,0x00007fbb485d5000] [id=17772]
  0x00007fbaf4001000 ConcurrentGCThread "G1 Refine#3" [stack: 0x00007fbb483d3000,0x00007fbb484d3000] [id=17773]
  0x00007fbae8001000 ConcurrentGCThread "G1 Refine#4" [stack: 0x00007fbb482d1000,0x00007fbb483d1000] [id=17774]
  0x00007fbaec001000 ConcurrentGCThread "G1 Refine#5" [stack: 0x00007fbb481cf000,0x00007fbb482cf000] [id=17775]
  0x00007fbbf40e2000 ConcurrentGCThread "G1 Young RemSet Sampling" [stack: 0x00007fbbf8b74000,0x00007fbbf8c74000] [id=17637]

Threads with active compile tasks:
C2 CompilerThread01450955 8131       4       sun.management.MemoryPoolImpl::getObjectName (10 bytes)
C1 CompilerThread01451486 8130   !   3       org.gradle.cache.internal.locklistener.DefaultFileLockContentionHandler::getCommunicator (63 bytes)

VM state:at safepoint (normal execution)

VM Mutex/Monitor currently owned by a thread:  ([mutex/lock_event])
[0x00007fbbf4012680] Threads_lock - owner thread: 0x00007fbbf4111800
[0x00007fbbf4012e60] Heap_lock - owner thread: 0x00007fbb794ca800

Heap address: 0x00000000a0000000, size: 1536 MB, Compressed Oops mode: 32-bit
Narrow klass base: 0x0000000800000000, Narrow klass shift: 3
Compressed class space size: 1073741824 Address: 0x0000000840000000

Heap:
 garbage-first heap   total 252928K, used 60850K [0x00000000a0000000, 0x0000000100000000)
  region size 1024K, 1 young (1024K), 1 survivors (1024K)
 Metaspace       used 61502K, capacity 63409K, committed 63696K, reserved 1103872K
  class space    used 8387K, capacity 9061K, committed 9088K, reserved 1048576K
Heap Regions: E=young(eden), S=young(survivor), O=old, HS=humongous(starts), HC=humongous(continues), CS=collection set, F=free, A=archive, TAMS=top-at-mark-start (previous, next)
|   0|0x00000000a0000000, 0x00000000a0100000, 0x00000000a0100000|100%| O|  |TAMS 0x00000000a0100000, 0x00000000a0000000| Untracked 
|   1|0x00000000a0100000, 0x00000000a0200000, 0x00000000a0200000|100%| O|  |TAMS 0x00000000a0200000, 0x00000000a0100000| Untracked 
|   2|0x00000000a0200000, 0x00000000a0300000, 0x00000000a0300000|100%| O|  |TAMS 0x00000000a0300000, 0x00000000a0200000| Untracked 
|   3|0x00000000a0300000, 0x00000000a0400000, 0x00000000a0400000|100%|HS|  |TAMS 0x00000000a0400000, 0x00000000a0300000| Complete 
|   4|0x00000000a0400000, 0x00000000a0500000, 0x00000000a0500000|100%|HC|  |TAMS 0x00000000a0500000, 0x00000000a0400000| Complete 
|   5|0x00000000a0500000, 0x00000000a0600000, 0x00000000a0600000|100%|HC|  |TAMS 0x00000000a0600000, 0x00000000a0500000| Complete 
|   6|0x00000000a0600000, 0x00000000a0700000, 0x00000000a0700000|100%| O|  |TAMS 0x00000000a0700000, 0x00000000a0600000| Untracked 
|   7|0x00000000a0700000, 0x00000000a0800000, 0x00000000a0800000|100%| O|  |TAMS 0x00000000a0800000, 0x00000000a0700000| Untracked 
|   8|0x00000000a0800000, 0x00000000a0900000, 0x00000000a0900000|100%| O|  |TAMS 0x00000000a0900000, 0x00000000a0800000| Untracked 
|   9|0x00000000a0900000, 0x00000000a0a00000, 0x00000000a0a00000|100%| O|  |TAMS 0x00000000a0a00000, 0x00000000a0900000| Untracked 
|  10|0x00000000a0a00000, 0x00000000a0b00000, 0x00000000a0b00000|100%| O|  |TAMS 0x00000000a0b00000, 0x00000000a0a00000| Untracked 
|  11|0x00000000a0b00000, 0x00000000a0c00000, 0x00000000a0c00000|100%| O|  |TAMS 0x00000000a0c00000, 0x00000000a0b00000| Untracked 
|  12|0x00000000a0c00000, 0x00000000a0d00000, 0x00000000a0d00000|100%| O|  |TAMS 0x00000000a0d00000, 0x00000000a0c00000| Untracked 
|  13|0x00000000a0d00000, 0x00000000a0e00000, 0x00000000a0e00000|100%| O|  |TAMS 0x00000000a0e00000, 0x00000000a0d00000| Untracked 
|  14|0x00000000a0e00000, 0x00000000a0f00000, 0x00000000a0f00000|100%| O|  |TAMS 0x00000000a0f00000, 0x00000000a0e00000| Untracked 
|  15|0x00000000a0f00000, 0x00000000a1000000, 0x00000000a1000000|100%|HS|  |TAMS 0x00000000a1000000, 0x00000000a0f00000| Complete 
|  16|0x00000000a1000000, 0x00000000a1100000, 0x00000000a1100000|100%|HC|  |TAMS 0x00000000a1100000, 0x00000000a1000000| Complete 
|  17|0x00000000a1100000, 0x00000000a1200000, 0x00000000a1200000|100%|HC|  |TAMS 0x00000000a1200000, 0x00000000a1100000| Complete 
|  18|0x00000000a1200000, 0x00000000a1300000, 0x00000000a1300000|100%|HS|  |TAMS 0x00000000a1300000, 0x00000000a1200000| Complete 
|  19|0x00000000a1300000, 0x00000000a1400000, 0x00000000a1400000|100%|HC|  |TAMS 0x00000000a1400000, 0x00000000a1300000| Complete 
|  20|0x00000000a1400000, 0x00000000a1500000, 0x00000000a1500000|100%| O|  |TAMS 0x00000000a1500000, 0x00000000a1400000| Untracked 
|  21|0x00000000a1500000, 0x00000000a1600000, 0x00000000a1600000|100%| O|  |TAMS 0x00000000a1600000, 0x00000000a1500000| Untracked 
|  22|0x00000000a1600000, 0x00000000a1700000, 0x00000000a1700000|100%| O|  |TAMS 0x00000000a1700000, 0x00000000a1600000| Untracked 
|  23|0x00000000a1700000, 0x00000000a1800000, 0x00000000a1800000|100%| O|  |TAMS 0x00000000a1800000, 0x00000000a1700000| Untracked 
|  24|0x00000000a1800000, 0x00000000a1900000, 0x00000000a1900000|100%| O|  |TAMS 0x00000000a1900000, 0x00000000a1800000| Untracked 
|  25|0x00000000a1900000, 0x00000000a1a00000, 0x00000000a1a00000|100%| O|  |TAMS 0x00000000a1a00000, 0x00000000a1900000| Untracked 
|  26|0x00000000a1a00000, 0x00000000a1b00000, 0x00000000a1b00000|100%| O|  |TAMS 0x00000000a1b00000, 0x00000000a1a00000| Untracked 
|  27|0x00000000a1b00000, 0x00000000a1c00000, 0x00000000a1c00000|100%| O|  |TAMS 0x00000000a1c00000, 0x00000000a1b00000| Untracked 
|  28|0x00000000a1c00000, 0x00000000a1d00000, 0x00000000a1d00000|100%| O|  |TAMS 0x00000000a1d00000, 0x00000000a1c00000| Untracked 
|  29|0x00000000a1d00000, 0x00000000a1e00000, 0x00000000a1e00000|100%| O|  |TAMS 0x00000000a1e00000, 0x00000000a1d00000| Untracked 
|  30|0x00000000a1e00000, 0x00000000a1f00000, 0x00000000a1f00000|100%| O|  |TAMS 0x00000000a1f00000, 0x00000000a1e00000| Untracked 
|  31|0x00000000a1f00000, 0x00000000a2000000, 0x00000000a2000000|100%| O|  |TAMS 0x00000000a2000000, 0x00000000a1f00000| Untracked 
|  32|0x00000000a2000000, 0x00000000a2100000, 0x00000000a2100000|100%| O|  |TAMS 0x00000000a2100000, 0x00000000a2000000| Untracked 
|  33|0x00000000a2100000, 0x00000000a2200000, 0x00000000a2200000|100%| O|  |TAMS 0x00000000a2200000, 0x00000000a2100000| Untracked 
|  34|0x00000000a2200000, 0x00000000a2300000, 0x00000000a2300000|100%| O|  |TAMS 0x00000000a2300000, 0x00000000a2200000| Untracked 
|  35|0x00000000a2300000, 0x00000000a2400000, 0x00000000a2400000|100%| O|  |TAMS 0x00000000a2400000, 0x00000000a2300000| Untracked 
|  36|0x00000000a2400000, 0x00000000a2500000, 0x00000000a2500000|100%| O|  |TAMS 0x00000000a2500000, 0x00000000a2400000| Untracked 
|  37|0x00000000a2500000, 0x00000000a2600000, 0x00000000a2600000|100%| O|  |TAMS 0x00000000a2600000, 0x00000000a2500000| Untracked 
|  38|0x00000000a2600000, 0x00000000a2700000, 0x00000000a2700000|100%| O|  |TAMS 0x00000000a2700000, 0x00000000a2600000| Untracked 
|  39|0x00000000a2700000, 0x00000000a2800000, 0x00000000a2800000|100%| O|  |TAMS 0x00000000a2800000, 0x00000000a2700000| Untracked 
|  40|0x00000000a2800000, 0x00000000a2900000, 0x00000000a2900000|100%| O|  |TAMS 0x00000000a2900000, 0x00000000a2800000| Untracked 
|  41|0x00000000a2900000, 0x00000000a2a00000, 0x00000000a2a00000|100%| O|  |TAMS 0x00000000a2a00000, 0x00000000a2900000| Untracked 
|  42|0x00000000a2a00000, 0x00000000a2b00000, 0x00000000a2b00000|100%| O|  |TAMS 0x00000000a2b00000, 0x00000000a2a00000| Untracked 
|  43|0x00000000a2b00000, 0x00000000a2c00000, 0x00000000a2c00000|100%| O|  |TAMS 0x00000000a2c00000, 0x00000000a2b00000| Untracked 
|  44|0x00000000a2c00000, 0x00000000a2d00000, 0x00000000a2d00000|100%| O|  |TAMS 0x00000000a2d00000, 0x00000000a2c00000| Untracked 
|  45|0x00000000a2d00000, 0x00000000a2e00000, 0x00000000a2e00000|100%| O|  |TAMS 0x00000000a2e00000, 0x00000000a2d00000| Untracked 
|  46|0x00000000a2e00000, 0x00000000a2f00000, 0x00000000a2f00000|100%| O|  |TAMS 0x00000000a2ec8800, 0x00000000a2e00000| Untracked 
|  47|0x00000000a2f00000, 0x00000000a3000000, 0x00000000a3000000|100%| O|  |TAMS 0x00000000a2f00000, 0x00000000a2f00000| Untracked 
|  48|0x00000000a3000000, 0x00000000a3100000, 0x00000000a3100000|100%| O|  |TAMS 0x00000000a3000000, 0x00000000a3000000| Untracked 
|  49|0x00000000a3100000, 0x00000000a3200000, 0x00000000a3200000|100%| O|  |TAMS 0x00000000a3100000, 0x00000000a3100000| Untracked 
|  50|0x00000000a3200000, 0x00000000a3300000, 0x00000000a3300000|100%| O|  |TAMS 0x00000000a3200000, 0x00000000a3200000| Untracked 
|  51|0x00000000a3300000, 0x00000000a3400000, 0x00000000a3400000|100%| O|  |TAMS 0x00000000a3300000, 0x00000000a3300000| Untracked 
|  52|0x00000000a3400000, 0x00000000a3500000, 0x00000000a3500000|100%| O|  |TAMS 0x00000000a3400000, 0x00000000a3400000| Untracked 
|  53|0x00000000a3500000, 0x00000000a3600000, 0x00000000a3600000|100%| O|  |TAMS 0x00000000a3500000, 0x00000000a3500000| Untracked 
|  54|0x00000000a3600000, 0x00000000a3700000, 0x00000000a3700000|100%| O|  |TAMS 0x00000000a3600000, 0x00000000a3600000| Untracked 
|  55|0x00000000a3700000, 0x00000000a3800000, 0x00000000a3800000|100%| O|  |TAMS 0x00000000a3700000, 0x00000000a3700000| Untracked 
|  56|0x00000000a3800000, 0x00000000a3900000, 0x00000000a3900000|100%| O|  |TAMS 0x00000000a3800000, 0x00000000a3800000| Untracked 
|  57|0x00000000a3900000, 0x00000000a3a00000, 0x00000000a3a00000|100%| O|  |TAMS 0x00000000a3900000, 0x00000000a3900000| Untracked 
|  58|0x00000000a3a00000, 0x00000000a3aa0e00, 0x00000000a3b00000| 62%| O|  |TAMS 0x00000000a3a00000, 0x00000000a3a00000| Untracked 
|  59|0x00000000a3b00000, 0x00000000a3b00000, 0x00000000a3c00000|  0%| F|  |TAMS 0x00000000a3b00000, 0x00000000a3b00000| Untracked 
|  60|0x00000000a3c00000, 0x00000000a3c00000, 0x00000000a3d00000|  0%| F|  |TAMS 0x00000000a3c00000, 0x00000000a3c00000| Untracked 
|  61|0x00000000a3d00000, 0x00000000a3d00000, 0x00000000a3e00000|  0%| F|  |TAMS 0x00000000a3d00000, 0x00000000a3d00000| Untracked 
|  62|0x00000000a3e00000, 0x00000000a3e00000, 0x00000000a3f00000|  0%| F|  |TAMS 0x00000000a3e00000, 0x00000000a3e00000| Untracked 
|  63|0x00000000a3f00000, 0x00000000a3f00000, 0x00000000a4000000|  0%| F|  |TAMS 0x00000000a3f00000, 0x00000000a3f00000| Untracked 
|  64|0x00000000a4000000, 0x00000000a4000000, 0x00000000a4100000|  0%| F|  |TAMS 0x00000000a4000000, 0x00000000a4000000| Untracked 
|  65|0x00000000a4100000, 0x00000000a4100000, 0x00000000a4200000|  0%| F|  |TAMS 0x00000000a4100000, 0x00000000a4100000| Untracked 
|  66|0x00000000a4200000, 0x00000000a4200000, 0x00000000a4300000|  0%| F|  |TAMS 0x00000000a4200000, 0x00000000a4200000| Untracked 
|  67|0x00000000a4300000, 0x00000000a4300000, 0x00000000a4400000|  0%| F|  |TAMS 0x00000000a4300000, 0x00000000a4300000| Untracked 
|  68|0x00000000a4400000, 0x00000000a4400000, 0x00000000a4500000|  0%| F|  |TAMS 0x00000000a4400000, 0x00000000a4400000| Untracked 
|  69|0x00000000a4500000, 0x00000000a4500000, 0x00000000a4600000|  0%| F|  |TAMS 0x00000000a4500000, 0x00000000a4500000| Untracked 
|  70|0x00000000a4600000, 0x00000000a4600000, 0x00000000a4700000|  0%| F|  |TAMS 0x00000000a4600000, 0x00000000a4600000| Untracked 
|  71|0x00000000a4700000, 0x00000000a4700000, 0x00000000a4800000|  0%| F|  |TAMS 0x00000000a4700000, 0x00000000a4700000| Untracked 
|  72|0x00000000a4800000, 0x00000000a4800000, 0x00000000a4900000|  0%| F|  |TAMS 0x00000000a4800000, 0x00000000a4800000| Untracked 
|  73|0x00000000a4900000, 0x00000000a4900000, 0x00000000a4a00000|  0%| F|  |TAMS 0x00000000a4900000, 0x00000000a4900000| Untracked 
|  74|0x00000000a4a00000, 0x00000000a4a00000, 0x00000000a4b00000|  0%| F|  |TAMS 0x00000000a4a00000, 0x00000000a4a00000| Untracked 
|  75|0x00000000a4b00000, 0x00000000a4b00000, 0x00000000a4c00000|  0%| F|  |TAMS 0x00000000a4b00000, 0x00000000a4b00000| Untracked 
|  76|0x00000000a4c00000, 0x00000000a4c00000, 0x00000000a4d00000|  0%| F|  |TAMS 0x00000000a4c00000, 0x00000000a4c00000| Untracked 
|  77|0x00000000a4d00000, 0x00000000a4d00000, 0x00000000a4e00000|  0%| F|  |TAMS 0x00000000a4d00000, 0x00000000a4d00000| Untracked 
|  78|0x00000000a4e00000, 0x00000000a4e00000, 0x00000000a4f00000|  0%| F|  |TAMS 0x00000000a4e00000, 0x00000000a4e00000| Untracked 
|  79|0x00000000a4f00000, 0x00000000a4f00000, 0x00000000a5000000|  0%| F|  |TAMS 0x00000000a4f00000, 0x00000000a4f00000| Untracked 
|  80|0x00000000a5000000, 0x00000000a5000000, 0x00000000a5100000|  0%| F|  |TAMS 0x00000000a5000000, 0x00000000a5000000| Untracked 
|  81|0x00000000a5100000, 0x00000000a5100000, 0x00000000a5200000|  0%| F|  |TAMS 0x00000000a5100000, 0x00000000a5100000| Untracked 
|  82|0x00000000a5200000, 0x00000000a5200000, 0x00000000a5300000|  0%| F|  |TAMS 0x00000000a5200000, 0x00000000a5200000| Untracked 
|  83|0x00000000a5300000, 0x00000000a5300000, 0x00000000a5400000|  0%| F|  |TAMS 0x00000000a5300000, 0x00000000a5300000| Untracked 
|  84|0x00000000a5400000, 0x00000000a5400000, 0x00000000a5500000|  0%| F|  |TAMS 0x00000000a5400000, 0x00000000a5400000| Untracked 
|  85|0x00000000a5500000, 0x00000000a5500000, 0x00000000a5600000|  0%| F|  |TAMS 0x00000000a5500000, 0x00000000a5500000| Untracked 
|  86|0x00000000a5600000, 0x00000000a5600000, 0x00000000a5700000|  0%| F|  |TAMS 0x00000000a5600000, 0x00000000a5600000| Untracked 
|  87|0x00000000a5700000, 0x00000000a5700000, 0x00000000a5800000|  0%| F|  |TAMS 0x00000000a5700000, 0x00000000a5700000| Untracked 
|  88|0x00000000a5800000, 0x00000000a5800000, 0x00000000a5900000|  0%| F|  |TAMS 0x00000000a5800000, 0x00000000a5800000| Untracked 
|  89|0x00000000a5900000, 0x00000000a5900000, 0x00000000a5a00000|  0%| F|  |TAMS 0x00000000a5900000, 0x00000000a5900000| Untracked 
|  90|0x00000000a5a00000, 0x00000000a5a00000, 0x00000000a5b00000|  0%| F|  |TAMS 0x00000000a5a00000, 0x00000000a5a00000| Untracked 
|  91|0x00000000a5b00000, 0x00000000a5b00000, 0x00000000a5c00000|  0%| F|  |TAMS 0x00000000a5b00000, 0x00000000a5b00000| Untracked 
|  92|0x00000000a5c00000, 0x00000000a5c00000, 0x00000000a5d00000|  0%| F|  |TAMS 0x00000000a5c00000, 0x00000000a5c00000| Untracked 
|  93|0x00000000a5d00000, 0x00000000a5d00000, 0x00000000a5e00000|  0%| F|  |TAMS 0x00000000a5d00000, 0x00000000a5d00000| Untracked 
|  94|0x00000000a5e00000, 0x00000000a5e00000, 0x00000000a5f00000|  0%| F|  |TAMS 0x00000000a5e00000, 0x00000000a5e00000| Untracked 
|  95|0x00000000a5f00000, 0x00000000a5f00000, 0x00000000a6000000|  0%| F|  |TAMS 0x00000000a5f00000, 0x00000000a5f00000| Untracked 
|  96|0x00000000a6000000, 0x00000000a6000000, 0x00000000a6100000|  0%| F|  |TAMS 0x00000000a6000000, 0x00000000a6000000| Untracked 
|  97|0x00000000a6100000, 0x00000000a6100000, 0x00000000a6200000|  0%| F|  |TAMS 0x00000000a6100000, 0x00000000a6100000| Untracked 
|  98|0x00000000a6200000, 0x00000000a6200000, 0x00000000a6300000|  0%| F|  |TAMS 0x00000000a6200000, 0x00000000a6200000| Untracked 
|  99|0x00000000a6300000, 0x00000000a6300000, 0x00000000a6400000|  0%| F|  |TAMS 0x00000000a6300000, 0x00000000a6300000| Untracked 
| 100|0x00000000a6400000, 0x00000000a6400000, 0x00000000a6500000|  0%| F|  |TAMS 0x00000000a6400000, 0x00000000a6400000| Untracked 
| 101|0x00000000a6500000, 0x00000000a6500000, 0x00000000a6600000|  0%| F|  |TAMS 0x00000000a6500000, 0x00000000a6500000| Untracked 
| 102|0x00000000a6600000, 0x00000000a6600000, 0x00000000a6700000|  0%| F|  |TAMS 0x00000000a6600000, 0x00000000a6600000| Untracked 
| 103|0x00000000a6700000, 0x00000000a6700000, 0x00000000a6800000|  0%| F|  |TAMS 0x00000000a6700000, 0x00000000a6700000| Untracked 
| 104|0x00000000a6800000, 0x00000000a6800000, 0x00000000a6900000|  0%| F|  |TAMS 0x00000000a6800000, 0x00000000a6800000| Untracked 
| 105|0x00000000a6900000, 0x00000000a6900000, 0x00000000a6a00000|  0%| F|  |TAMS 0x00000000a6900000, 0x00000000a6900000| Untracked 
| 106|0x00000000a6a00000, 0x00000000a6a00000, 0x00000000a6b00000|  0%| F|  |TAMS 0x00000000a6a00000, 0x00000000a6a00000| Untracked 
| 107|0x00000000a6b00000, 0x00000000a6b00000, 0x00000000a6c00000|  0%| F|  |TAMS 0x00000000a6b00000, 0x00000000a6b00000| Untracked 
| 108|0x00000000a6c00000, 0x00000000a6c00000, 0x00000000a6d00000|  0%| F|  |TAMS 0x00000000a6c00000, 0x00000000a6c00000| Untracked 
| 109|0x00000000a6d00000, 0x00000000a6d00000, 0x00000000a6e00000|  0%| F|  |TAMS 0x00000000a6d00000, 0x00000000a6d00000| Untracked 
| 110|0x00000000a6e00000, 0x00000000a6e00000, 0x00000000a6f00000|  0%| F|  |TAMS 0x00000000a6e00000, 0x00000000a6e00000| Untracked 
| 111|0x00000000a6f00000, 0x00000000a6f00000, 0x00000000a7000000|  0%| F|  |TAMS 0x00000000a6f00000, 0x00000000a6f00000| Untracked 
| 112|0x00000000a7000000, 0x00000000a7000000, 0x00000000a7100000|  0%| F|  |TAMS 0x00000000a7000000, 0x00000000a7000000| Untracked 
| 113|0x00000000a7100000, 0x00000000a7100000, 0x00000000a7200000|  0%| F|  |TAMS 0x00000000a7100000, 0x00000000a7100000| Untracked 
| 114|0x00000000a7200000, 0x00000000a7200000, 0x00000000a7300000|  0%| F|  |TAMS 0x00000000a7200000, 0x00000000a7200000| Untracked 
| 115|0x00000000a7300000, 0x00000000a7300000, 0x00000000a7400000|  0%| F|  |TAMS 0x00000000a7300000, 0x00000000a7300000| Untracked 
| 116|0x00000000a7400000, 0x00000000a7400000, 0x00000000a7500000|  0%| F|  |TAMS 0x00000000a7400000, 0x00000000a7400000| Untracked 
| 117|0x00000000a7500000, 0x00000000a7500000, 0x00000000a7600000|  0%| F|  |TAMS 0x00000000a7500000, 0x00000000a7500000| Untracked 
| 118|0x00000000a7600000, 0x00000000a7600000, 0x00000000a7700000|  0%| F|  |TAMS 0x00000000a7600000, 0x00000000a7600000| Untracked 
| 119|0x00000000a7700000, 0x00000000a7700000, 0x00000000a7800000|  0%| F|  |TAMS 0x00000000a7700000, 0x00000000a7700000| Untracked 
| 120|0x00000000a7800000, 0x00000000a7800000, 0x00000000a7900000|  0%| F|  |TAMS 0x00000000a7800000, 0x00000000a7800000| Untracked 
| 121|0x00000000a7900000, 0x00000000a7900000, 0x00000000a7a00000|  0%| F|  |TAMS 0x00000000a7900000, 0x00000000a7900000| Untracked 
| 122|0x00000000a7a00000, 0x00000000a7a00000, 0x00000000a7b00000|  0%| F|  |TAMS 0x00000000a7a00000, 0x00000000a7a00000| Untracked 
| 123|0x00000000a7b00000, 0x00000000a7b00000, 0x00000000a7c00000|  0%| F|  |TAMS 0x00000000a7b00000, 0x00000000a7b00000| Untracked 
| 124|0x00000000a7c00000, 0x00000000a7c00000, 0x00000000a7d00000|  0%| F|  |TAMS 0x00000000a7c00000, 0x00000000a7c00000| Untracked 
| 125|0x00000000a7d00000, 0x00000000a7d00000, 0x00000000a7e00000|  0%| F|  |TAMS 0x00000000a7d00000, 0x00000000a7d00000| Untracked 
| 126|0x00000000a7e00000, 0x00000000a7e00000, 0x00000000a7f00000|  0%| F|  |TAMS 0x00000000a7e00000, 0x00000000a7e00000| Untracked 
| 127|0x00000000a7f00000, 0x00000000a7f00000, 0x00000000a8000000|  0%| F|  |TAMS 0x00000000a7f00000, 0x00000000a7f00000| Untracked 
| 128|0x00000000a8000000, 0x00000000a8000000, 0x00000000a8100000|  0%| F|  |TAMS 0x00000000a8000000, 0x00000000a8000000| Untracked 
| 129|0x00000000a8100000, 0x00000000a8100000, 0x00000000a8200000|  0%| F|  |TAMS 0x00000000a8100000, 0x00000000a8100000| Untracked 
| 130|0x00000000a8200000, 0x00000000a8200000, 0x00000000a8300000|  0%| F|  |TAMS 0x00000000a8200000, 0x00000000a8200000| Untracked 
| 131|0x00000000a8300000, 0x00000000a8300000, 0x00000000a8400000|  0%| F|  |TAMS 0x00000000a8300000, 0x00000000a8300000| Untracked 
| 132|0x00000000a8400000, 0x00000000a8400000, 0x00000000a8500000|  0%| F|  |TAMS 0x00000000a8400000, 0x00000000a8400000| Untracked 
| 133|0x00000000a8500000, 0x00000000a8500000, 0x00000000a8600000|  0%| F|  |TAMS 0x00000000a8500000, 0x00000000a8500000| Untracked 
| 134|0x00000000a8600000, 0x00000000a8600000, 0x00000000a8700000|  0%| F|  |TAMS 0x00000000a8600000, 0x00000000a8600000| Untracked 
| 135|0x00000000a8700000, 0x00000000a8700000, 0x00000000a8800000|  0%| F|  |TAMS 0x00000000a8700000, 0x00000000a8700000| Untracked 
| 136|0x00000000a8800000, 0x00000000a8800000, 0x00000000a8900000|  0%| F|  |TAMS 0x00000000a8800000, 0x00000000a8800000| Untracked 
| 137|0x00000000a8900000, 0x00000000a8900000, 0x00000000a8a00000|  0%| F|  |TAMS 0x00000000a8900000, 0x00000000a8900000| Untracked 
| 138|0x00000000a8a00000, 0x00000000a8a00000, 0x00000000a8b00000|  0%| F|  |TAMS 0x00000000a8a00000, 0x00000000a8a00000| Untracked 
| 139|0x00000000a8b00000, 0x00000000a8b00000, 0x00000000a8c00000|  0%| F|  |TAMS 0x00000000a8b00000, 0x00000000a8b00000| Untracked 
| 140|0x00000000a8c00000, 0x00000000a8c00000, 0x00000000a8d00000|  0%| F|  |TAMS 0x00000000a8c00000, 0x00000000a8c00000| Untracked 
| 141|0x00000000a8d00000, 0x00000000a8d00000, 0x00000000a8e00000|  0%| F|  |TAMS 0x00000000a8d00000, 0x00000000a8d00000| Untracked 
| 142|0x00000000a8e00000, 0x00000000a8e1aca0, 0x00000000a8f00000| 10%| S|CS|TAMS 0x00000000a8e00000, 0x00000000a8e00000| Complete 
| 143|0x00000000a8f00000, 0x00000000a8f00000, 0x00000000a9000000|  0%| F|  |TAMS 0x00000000a8f00000, 0x00000000a8f00000| Untracked 
| 144|0x00000000a9000000, 0x00000000a9000000, 0x00000000a9100000|  0%| F|  |TAMS 0x00000000a9000000, 0x00000000a9000000| Untracked 
| 145|0x00000000a9100000, 0x00000000a9100000, 0x00000000a9200000|  0%| F|  |TAMS 0x00000000a9100000, 0x00000000a9100000| Untracked 
| 146|0x00000000a9200000, 0x00000000a9200000, 0x00000000a9300000|  0%| F|  |TAMS 0x00000000a9200000, 0x00000000a9200000| Untracked 
| 147|0x00000000a9300000, 0x00000000a9300000, 0x00000000a9400000|  0%| F|  |TAMS 0x00000000a9300000, 0x00000000a9300000| Untracked 
| 148|0x00000000a9400000, 0x00000000a9400000, 0x00000000a9500000|  0%| F|  |TAMS 0x00000000a9400000, 0x00000000a9400000| Untracked 
| 149|0x00000000a9500000, 0x00000000a9500000, 0x00000000a9600000|  0%| F|  |TAMS 0x00000000a9500000, 0x00000000a9500000| Untracked 
|1534|0x00000000ffe00000, 0x00000000ffe47000, 0x00000000fff00000| 27%|OA|  |TAMS 0x00000000ffe47000, 0x00000000ffe00000| Untracked 
|1535|0x00000000fff00000, 0x00000000fff6a000, 0x0000000100000000| 41%|CA|  |TAMS 0x00000000fff6a000, 0x00000000fff00000| Untracked 

Card table byte_map: [0x00007fbbf9a82000,0x00007fbbf9d82000] _byte_map_base: 0x00007fbbf9582000

Marking Bits (Prev, Next): (CMBitMap*) 0x00007fbbf40501b0, (CMBitMap*) 0x00007fbbf4050178
 Prev Bits: [0x00007fbbd5000000, 0x00007fbbd6800000)
 Next Bits: [0x00007fbbd6800000, 0x00007fbbd8000000)

Polling page: 0x00007fbbfe9c1000

Metaspace:

Usage:
  Non-class:     53,07 MB capacity,    51,87 MB ( 98%) used,     1,03 MB (  2%) free+waste,   176,06 KB ( <1%) overhead. 
      Class:      8,85 MB capacity,     8,19 MB ( 93%) used,   587,81 KB (  6%) free+waste,    85,44 KB ( <1%) overhead. 
       Both:     61,92 MB capacity,    60,06 MB ( 97%) used,     1,61 MB (  3%) free+waste,   261,50 KB ( <1%) overhead. 

Virtual space:
  Non-class space:       54,00 MB reserved,      53,33 MB ( 99%) committed 
      Class space:        1,00 GB reserved,       8,88 MB ( <1%) committed 
             Both:        1,05 GB reserved,      62,20 MB (  6%) committed 

Chunk freelists:
   Non-Class:  28,00 KB
       Class:  27,00 KB
        Both:  55,00 KB

MaxMetaspaceSize: unlimited
CompressedClassSpaceSize: 1,00 GB

CodeHeap 'non-profiled nmethods': size=120032Kb used=4396Kb max_used=4396Kb free=115635Kb
 bounds [0x00007fbbe43d5000, 0x00007fbbe4825000, 0x00007fbbeb90d000]
CodeHeap 'profiled nmethods': size=120028Kb used=17075Kb max_used=17075Kb free=102953Kb
 bounds [0x00007fbbdce9e000, 0x00007fbbddf4e000, 0x00007fbbe43d5000]
CodeHeap 'non-nmethods': size=5700Kb used=2255Kb max_used=2302Kb free=3445Kb
 bounds [0x00007fbbdc90d000, 0x00007fbbdcb7d000, 0x00007fbbdce9e000]
 total_blobs=10676 nmethods=7615 adapters=755
 compilation: enabled
              stopped_count=0, restarted_count=0
 full_count=0

Compilation events (20 events):
Event: 1124,493 Thread 0x00007fbbf4120000 8124       3       java.util.Properties::getProperty (16 bytes)
Event: 1124,494 Thread 0x00007fbbf4120000 nmethod 8124 0x00007fbbddf48790 code [0x00007fbbddf48960, 0x00007fbbddf48c08]
Event: 1134,134 Thread 0x00007fbbf411e000 nmethod 8120 0x00007fbbe481eb90 code [0x00007fbbe481ed60, 0x00007fbbe481f458]
Event: 1144,740 Thread 0x00007fbbf4120000 8125       3       java.lang.Runtime::getRuntime (4 bytes)
Event: 1144,741 Thread 0x00007fbbf411e000 8061       4       java.util.HashSet::<init> (16 bytes)
Event: 1180,114 Thread 0x00007fbbf4120000 nmethod 8125 0x00007fbbddf48c90 code [0x00007fbbddf48e40, 0x00007fbbddf48f90]
Event: 1189,129 Thread 0x00007fbbf4120000 8126       3       java.util.Collection::stream (11 bytes)
Event: 1197,735 Thread 0x00007fbbf411e000 nmethod 8061 0x00007fbbe481f890 code [0x00007fbbe481fa20, 0x00007fbbe481fbf8]
Event: 1198,323 Thread 0x00007fbbf4120000 nmethod 8126 0x00007fbbddf49010 code [0x00007fbbddf49220, 0x00007fbbddf497f8]
Event: 1201,293 Thread 0x00007fbbf411e000 8128       4       java.util.HashMap$HashMapSpliterator::getFence (53 bytes)
Event: 1220,676 Thread 0x00007fbbf4120000 8129       3       org.gradle.internal.event.DefaultListenerManager$ListenerDetails::dispatch (9 bytes)
Event: 1235,204 Thread 0x00007fbbf411e000 nmethod 8128 0x00007fbbe481fc90 code [0x00007fbbe481fe20, 0x00007fbbe481fed8]
Event: 1235,204 Thread 0x00007fbbf4120000 nmethod 8129 0x00007fbbddf49a10 code [0x00007fbbddf49c00, 0x00007fbbddf4a0a8]
Event: 1237,740 Thread 0x00007fbbf4120000 8133       3       org.gradle.launcher.daemon.context.DefaultDaemonContext$Serializer::read (182 bytes)
Event: 1237,740 Thread 0x00007fbbf411e000 8132       4       sun.management.spi.PlatformMBeanProvider$PlatformComponent$$Lambda$64/0x0000000840107c40::test (9 bytes)
Event: 1302,143 Thread 0x00007fbbf4120000 nmethod 8133 0x00007fbbddf4a210 code [0x00007fbbddf4a5a0, 0x00007fbbddf4c008]
Event: 1305,762 Thread 0x00007fbbf411e000 nmethod 8132 0x00007fbbe481ff90 code [0x00007fbbe4820120, 0x00007fbbe4820218]
Event: 1306,962 Thread 0x00007fbbf411e000 8131       4       sun.management.MemoryPoolImpl::getObjectName (10 bytes)
Event: 1306,962 Thread 0x00007fbbf4120000 8130   !   3       org.gradle.cache.internal.locklistener.DefaultFileLockContentionHandler::getCommunicator (63 bytes)
Event: 1400,262 Thread 0x00007fbbf4120000 nmethod 8130 0x00007fbbddf4c890 code [0x00007fbbddf4cb20, 0x00007fbbddf4d618]

GC Heap History (20 events):
Event: 70,087 GC heap after
{Heap after GC invocations=12 (full 0):
 garbage-first heap   total 129024K, used 48420K [0x00000000a0000000, 0x0000000100000000)
  region size 1024K, 8 young (8192K), 8 survivors (8192K)
 Metaspace       used 52830K, capacity 54208K, committed 54608K, reserved 1095680K
  class space    used 7097K, capacity 7557K, committed 7680K, reserved 1048576K
}
Event: 136,945 GC heap before
{Heap before GC invocations=12 (full 0):
 garbage-first heap   total 129024K, used 99620K [0x00000000a0000000, 0x0000000100000000)
  region size 1024K, 58 young (59392K), 8 survivors (8192K)
 Metaspace       used 57465K, capacity 58890K, committed 59216K, reserved 1099776K
  class space    used 7800K, capacity 8332K, committed 8448K, reserved 1048576K
}
Event: 137,631 GC heap after
{Heap after GC invocations=13 (full 0):
 garbage-first heap   total 129024K, used 52019K [0x00000000a0000000, 0x0000000100000000)
  region size 1024K, 8 young (8192K), 8 survivors (8192K)
 Metaspace       used 57465K, capacity 58890K, committed 59216K, reserved 1099776K
  class space    used 7800K, capacity 8332K, committed 8448K, reserved 1048576K
}
Event: 265,706 GC heap before
{Heap before GC invocations=13 (full 0):
 garbage-first heap   total 129024K, used 77619K [0x00000000a0000000, 0x0000000100000000)
  region size 1024K, 34 young (34816K), 8 survivors (8192K)
 Metaspace       used 58707K, capacity 60190K, committed 60240K, reserved 1101824K
  class space    used 7920K, capacity 8430K, committed 8448K, reserved 1048576K
}
Event: 266,431 GC heap after
{Heap after GC invocations=14 (full 0):
 garbage-first heap   total 155648K, used 54931K [0x00000000a0000000, 0x0000000100000000)
  region size 1024K, 7 young (7168K), 7 survivors (7168K)
 Metaspace       used 58707K, capacity 60190K, committed 60240K, reserved 1101824K
  class space    used 7920K, capacity 8430K, committed 8448K, reserved 1048576K
}
Event: 268,193 GC heap before
{Heap before GC invocations=14 (full 0):
 garbage-first heap   total 155648K, used 55955K [0x00000000a0000000, 0x0000000100000000)
  region size 1024K, 8 young (8192K), 7 survivors (7168K)
 Metaspace       used 58708K, capacity 60228K, committed 60496K, reserved 1101824K
  class space    used 7916K, capacity 8422K, committed 8448K, reserved 1048576K
}
Event: 268,202 GC heap after
{Heap after GC invocations=15 (full 0):
 garbage-first heap   total 155648K, used 55648K [0x00000000a0000000, 0x0000000100000000)
  region size 1024K, 1 young (1024K), 1 survivors (1024K)
 Metaspace       used 58708K, capacity 60228K, committed 60496K, reserved 1101824K
  class space    used 7916K, capacity 8422K, committed 8448K, reserved 1048576K
}
Event: 423,183 GC heap before
{Heap before GC invocations=16 (full 0):
 garbage-first heap   total 155648K, used 114016K [0x00000000a0000000, 0x0000000100000000)
  region size 1024K, 59 young (60416K), 1 survivors (1024K)
 Metaspace       used 61015K, capacity 62874K, committed 63184K, reserved 1103872K
  class space    used 8328K, capacity 8990K, committed 9088K, reserved 1048576K
}
Event: 425,004 GC heap after
{Heap after GC invocations=17 (full 0):
 garbage-first heap   total 155648K, used 59292K [0x00000000a0000000, 0x0000000100000000)
  region size 1024K, 5 young (5120K), 5 survivors (5120K)
 Metaspace       used 61015K, capacity 62874K, committed 63184K, reserved 1103872K
  class space    used 8328K, capacity 8990K, committed 9088K, reserved 1048576K
}
Event: 426,959 GC heap before
{Heap before GC invocations=17 (full 0):
 garbage-first heap   total 155648K, used 61340K [0x00000000a0000000, 0x0000000100000000)
  region size 1024K, 7 young (7168K), 5 survivors (5120K)
 Metaspace       used 61018K, capacity 62874K, committed 63184K, reserved 1103872K
  class space    used 8328K, capacity 8990K, committed 9088K, reserved 1048576K
}
Event: 426,966 GC heap after
{Heap after GC invocations=18 (full 0):
 garbage-first heap   total 155648K, used 59892K [0x00000000a0000000, 0x0000000100000000)
  region size 1024K, 1 young (1024K), 1 survivors (1024K)
 Metaspace       used 61018K, capacity 62874K, committed 63184K, reserved 1103872K
  class space    used 8328K, capacity 8990K, committed 9088K, reserved 1048576K
}
Event: 428,912 GC heap before
{Heap before GC invocations=18 (full 0):
 garbage-first heap   total 155648K, used 65012K [0x00000000a0000000, 0x0000000100000000)
  region size 1024K, 7 young (7168K), 1 survivors (1024K)
 Metaspace       used 61048K, capacity 62939K, committed 63184K, reserved 1103872K
  class space    used 8328K, capacity 8990K, committed 9088K, reserved 1048576K
}
Event: 428,915 GC heap after
{Heap after GC invocations=19 (full 0):
 garbage-first heap   total 155648K, used 59731K [0x00000000a0000000, 0x0000000100000000)
  region size 1024K, 1 young (1024K), 1 survivors (1024K)
 Metaspace       used 61048K, capacity 62939K, committed 63184K, reserved 1103872K
  class space    used 8328K, capacity 8990K, committed 9088K, reserved 1048576K
}
Event: 429,943 GC heap before
{Heap before GC invocations=19 (full 0):
 garbage-first heap   total 155648K, used 65875K [0x00000000a0000000, 0x0000000100000000)
  region size 1024K, 7 young (7168K), 1 survivors (1024K)
 Metaspace       used 61093K, capacity 62939K, committed 63184K, reserved 1103872K
  class space    used 8329K, capacity 8990K, committed 9088K, reserved 1048576K
}
Event: 429,946 GC heap after
{Heap after GC invocations=20 (full 0):
 garbage-first heap   total 155648K, used 60035K [0x00000000a0000000, 0x0000000100000000)
  region size 1024K, 1 young (1024K), 1 survivors (1024K)
 Metaspace       used 61093K, capacity 62939K, committed 63184K, reserved 1103872K
  class space    used 8329K, capacity 8990K, committed 9088K, reserved 1048576K
}
Event: 945,842 GC heap before
{Heap before GC invocations=20 (full 0):
 garbage-first heap   total 155648K, used 79491K [0x00000000a0000000, 0x0000000100000000)
  region size 1024K, 21 young (21504K), 1 survivors (1024K)
 Metaspace       used 61389K, capacity 63271K, committed 63440K, reserved 1103872K
  class space    used 8365K, capacity 9058K, committed 9088K, reserved 1048576K
}
Event: 955,541 GC heap after
{Heap after GC invocations=21 (full 0):
 garbage-first heap   total 155648K, used 60815K [0x00000000a0000000, 0x0000000100000000)
  region size 1024K, 2 young (2048K), 2 survivors (2048K)
 Metaspace       used 61389K, capacity 63271K, committed 63440K, reserved 1103872K
  class space    used 8365K, capacity 9058K, committed 9088K, reserved 1048576K
}
Event: 1055,383 GC heap before
{Heap before GC invocations=21 (full 0):
 garbage-first heap   total 155648K, used 64911K [0x00000000a0000000, 0x0000000100000000)
  region size 1024K, 7 young (7168K), 2 survivors (2048K)
 Metaspace       used 61462K, capacity 63341K, committed 63440K, reserved 1103872K
  class space    used 8380K, capacity 9060K, committed 9088K, reserved 1048576K
}
Event: 1071,311 GC heap after
{Heap after GC invocations=22 (full 0):
 garbage-first heap   total 155648K, used 61008K [0x00000000a0000000, 0x0000000100000000)
  region size 1024K, 1 young (1024K), 1 survivors (1024K)
 Metaspace       used 61462K, capacity 63341K, committed 63440K, reserved 1103872K
  class space    used 8380K, capacity 9060K, committed 9088K, reserved 1048576K
}
Event: 1408,526 GC heap before
{Heap before GC invocations=22 (full 0):
 garbage-first heap   total 155648K, used 67152K [0x00000000a0000000, 0x0000000100000000)
  region size 1024K, 7 young (7168K), 1 survivors (1024K)
 Metaspace       used 61502K, capacity 63409K, committed 63696K, reserved 1103872K
  class space    used 8387K, capacity 9061K, committed 9088K, reserved 1048576K
}

Deoptimization events (20 events):
Event: 1077,274 Thread 0x00007fbb794ca800 Uncommon trap: trap_request=0xffffffc6 fr.pc=0x00007fbbe480f340 relative=0x0000000000000460
Event: 1077,274 Thread 0x00007fbb794ca800 Uncommon trap: reason=bimorphic_or_optimized_type_check action=maybe_recompile pc=0x00007fbbe480f340 method=com.google.common.collect.NaturalOrdering.compare(Ljava/lang/Comparable;Ljava/lang/Comparable;)I @ 12 c2
Event: 1077,414 Thread 0x00007fbb794ca800 DEOPT PACKING pc=0x00007fbbe480f340 sp=0x00007fbadfdfb4f0
Event: 1078,052 Thread 0x00007fbb794ca800 DEOPT UNPACKING pc=0x00007fbbdc935a25 sp=0x00007fbadfdfb430 mode 2
Event: 1078,560 Thread 0x00007fbb794ca800 Uncommon trap: trap_request=0xffffffc6 fr.pc=0x00007fbbe480f340 relative=0x0000000000000460
Event: 1078,560 Thread 0x00007fbb794ca800 Uncommon trap: reason=bimorphic_or_optimized_type_check action=maybe_recompile pc=0x00007fbbe480f340 method=com.google.common.collect.NaturalOrdering.compare(Ljava/lang/Comparable;Ljava/lang/Comparable;)I @ 12 c2
Event: 1078,560 Thread 0x00007fbb794ca800 DEOPT PACKING pc=0x00007fbbe480f340 sp=0x00007fbadfdfb4f0
Event: 1078,560 Thread 0x00007fbb794ca800 DEOPT UNPACKING pc=0x00007fbbdc935a25 sp=0x00007fbadfdfb430 mode 2
Event: 1078,561 Thread 0x00007fbb794ca800 Uncommon trap: trap_request=0xffffffc6 fr.pc=0x00007fbbe480f340 relative=0x0000000000000460
Event: 1078,561 Thread 0x00007fbb794ca800 Uncommon trap: reason=bimorphic_or_optimized_type_check action=maybe_recompile pc=0x00007fbbe480f340 method=com.google.common.collect.NaturalOrdering.compare(Ljava/lang/Comparable;Ljava/lang/Comparable;)I @ 12 c2
Event: 1078,561 Thread 0x00007fbb794ca800 DEOPT PACKING pc=0x00007fbbe480f340 sp=0x00007fbadfdfb6f0
Event: 1078,561 Thread 0x00007fbb794ca800 DEOPT UNPACKING pc=0x00007fbbdc935a25 sp=0x00007fbadfdfb648 mode 2
Event: 1078,561 Thread 0x00007fbb794ca800 Uncommon trap: trap_request=0xffffffc6 fr.pc=0x00007fbbe480f340 relative=0x0000000000000460
Event: 1078,561 Thread 0x00007fbb794ca800 Uncommon trap: reason=bimorphic_or_optimized_type_check action=maybe_recompile pc=0x00007fbbe480f340 method=com.google.common.collect.NaturalOrdering.compare(Ljava/lang/Comparable;Ljava/lang/Comparable;)I @ 12 c2
Event: 1078,561 Thread 0x00007fbb794ca800 DEOPT PACKING pc=0x00007fbbe480f340 sp=0x00007fbadfdfb6f0
Event: 1078,561 Thread 0x00007fbb794ca800 DEOPT UNPACKING pc=0x00007fbbdc935a25 sp=0x00007fbadfdfb648 mode 2
Event: 1122,041 Thread 0x00007fbb794ca800 Uncommon trap: trap_request=0xffffff4d fr.pc=0x00007fbbe47741b8 relative=0x0000000000000378
Event: 1122,041 Thread 0x00007fbb794ca800 Uncommon trap: reason=unstable_if action=reinterpret pc=0x00007fbbe47741b8 method=java.util.stream.StreamOpFlag.fromCharacteristics(Ljava/util/Spliterator;)I @ 10 c2
Event: 1122,041 Thread 0x00007fbb794ca800 DEOPT PACKING pc=0x00007fbbe47741b8 sp=0x00007fbadfdfb850
Event: 1122,177 Thread 0x00007fbb794ca800 DEOPT UNPACKING pc=0x00007fbbdc935a25 sp=0x00007fbadfdfb748 mode 2

Classes redefined (0 events):
No events

Internal exceptions (20 events):
Event: 1229,186 Thread 0x00007fbb79583800 Exception <a 'java/io/IOException'{0x00000000a9215360}> (0x00000000a9215360) thrown at [./src/hotspot/share/prims/jni.cpp, line 615]
Event: 1231,207 Thread 0x00007fbb79583800 Exception <a 'java/io/IOException'{0x00000000a9275f30}> (0x00000000a9275f30) thrown at [./src/hotspot/share/prims/jni.cpp, line 615]
Event: 1231,207 Thread 0x00007fbb79583800 Exception <a 'java/io/IOException'{0x00000000a927d290}> (0x00000000a927d290) thrown at [./src/hotspot/share/prims/jni.cpp, line 615]
Event: 1231,208 Thread 0x00007fbb79583800 Exception <a 'java/io/IOException'{0x00000000a9283ba0}> (0x00000000a9283ba0) thrown at [./src/hotspot/share/prims/jni.cpp, line 615]
Event: 1231,208 Thread 0x00007fbb79583800 Exception <a 'java/io/IOException'{0x00000000a928a4f0}> (0x00000000a928a4f0) thrown at [./src/hotspot/share/prims/jni.cpp, line 615]
Event: 1231,209 Thread 0x00007fbb79583800 Exception <a 'java/io/IOException'{0x00000000a9290dd8}> (0x00000000a9290dd8) thrown at [./src/hotspot/share/prims/jni.cpp, line 615]
Event: 1231,209 Thread 0x00007fbb79583800 Exception <a 'java/io/IOException'{0x00000000a9297490}> (0x00000000a9297490) thrown at [./src/hotspot/share/prims/jni.cpp, line 615]
Event: 1231,209 Thread 0x00007fbb79583800 Exception <a 'java/io/IOException'{0x00000000a929dda0}> (0x00000000a929dda0) thrown at [./src/hotspot/share/prims/jni.cpp, line 615]
Event: 1231,210 Thread 0x00007fbb79583800 Exception <a 'java/io/IOException'{0x00000000a92a46f0}> (0x00000000a92a46f0) thrown at [./src/hotspot/share/prims/jni.cpp, line 615]
Event: 1231,210 Thread 0x00007fbb79583800 Exception <a 'java/io/IOException'{0x00000000a92aafd8}> (0x00000000a92aafd8) thrown at [./src/hotspot/share/prims/jni.cpp, line 615]
Event: 1231,211 Thread 0x00007fbb79583800 Exception <a 'java/io/IOException'{0x00000000a92b1690}> (0x00000000a92b1690) thrown at [./src/hotspot/share/prims/jni.cpp, line 615]
Event: 1231,211 Thread 0x00007fbb79583800 Exception <a 'java/io/IOException'{0x00000000a92b7fa0}> (0x00000000a92b7fa0) thrown at [./src/hotspot/share/prims/jni.cpp, line 615]
Event: 1231,211 Thread 0x00007fbb79583800 Exception <a 'java/io/IOException'{0x00000000a92be8f0}> (0x00000000a92be8f0) thrown at [./src/hotspot/share/prims/jni.cpp, line 615]
Event: 1231,212 Thread 0x00007fbb79583800 Exception <a 'java/io/IOException'{0x00000000a92c51d8}> (0x00000000a92c51d8) thrown at [./src/hotspot/share/prims/jni.cpp, line 615]
Event: 1236,140 Thread 0x00007fbb79583800 Exception <a 'java/io/IOException'{0x00000000a92e5468}> (0x00000000a92e5468) thrown at [./src/hotspot/share/prims/jni.cpp, line 615]
Event: 1279,609 Thread 0x00007fbb79583800 Exception <a 'java/io/IOException'{0x00000000a91001e0}> (0x00000000a91001e0) thrown at [./src/hotspot/share/prims/jni.cpp, line 615]
Event: 1292,213 Thread 0x00007fbb79583800 Exception <a 'java/io/IOException'{0x00000000a91896c0}> (0x00000000a91896c0) thrown at [./src/hotspot/share/prims/jni.cpp, line 615]
Event: 1316,137 Thread 0x00007fbb79583800 Exception <a 'java/io/IOException'{0x00000000a91ab3f8}> (0x00000000a91ab3f8) thrown at [./src/hotspot/share/prims/jni.cpp, line 615]
Event: 1391,723 Thread 0x00007fbb79583800 Exception <a 'java/io/IOException'{0x00000000a8f04df8}> (0x00000000a8f04df8) thrown at [./src/hotspot/share/prims/jni.cpp, line 615]
Event: 1399,812 Thread 0x00007fbb79583800 Exception <a 'java/io/IOException'{0x00000000a8ff0588}> (0x00000000a8ff0588) thrown at [./src/hotspot/share/prims/jni.cpp, line 615]

Events (20 events):
Event: 1081,515 Executing VM operation: RevokeBias done
Event: 1083,126 loading class org/gradle/api/internal/tasks/properties/DefaultTaskProperties$1
Event: 1083,126 loading class org/gradle/api/internal/tasks/properties/DefaultTaskProperties$1 done
Event: 1094,313 loading class org/gradle/api/internal/tasks/properties/DefaultTaskProperties$2
Event: 1094,374 loading class org/gradle/api/internal/tasks/properties/DefaultTaskProperties$2 done
Event: 1104,228 loading class java/util/SortedSet$1
Event: 1113,559 loading class java/util/SortedSet$1 done
Event: 1115,058 Executing VM operation: Deoptimize
Event: 1119,233 Executing VM operation: Deoptimize done
Event: 1124,411 loading class org/gradle/api/internal/tasks/properties/InputFilePropertySpec
Event: 1124,718 loading class org/gradle/api/internal/tasks/properties/InputFilePropertySpec done
Event: 1167,046 loading class org/gradle/api/internal/tasks/properties/DefaultTaskProperties$3
Event: 1167,530 loading class org/gradle/api/internal/tasks/properties/DefaultTaskProperties$3 done
Event: 1222,351 loading class org/gradle/api/internal/changedetection/TaskExecutionMode
Event: 1222,432 loading class org/gradle/api/internal/changedetection/TaskExecutionMode done
Event: 1290,570 Executing VM operation: RevokeBias
Event: 1301,987 Executing VM operation: RevokeBias done
Event: 1396,064 Executing VM operation: RevokeBias
Event: 1397,877 Executing VM operation: RevokeBias done
Event: 1400,617 Executing VM operation: G1CollectForAllocation


Dynamic libraries:
a0000000-a9600000 rw-p 00000000 00:00 0 
af500000-ffe00000 ---p 00000000 00:00 0 
ffe00000-ffe47000 rw-p 0110b000 08:05 1185545                            /usr/lib/jvm/java-11-openjdk-amd64/lib/server/classes.jsa
ffe47000-fff00000 rw-p 00000000 00:00 0 
fff00000-fff6a000 rw-p 010a1000 08:05 1185545                            /usr/lib/jvm/java-11-openjdk-amd64/lib/server/classes.jsa
fff6a000-100000000 rw-p 00000000 00:00 0 
800000000-800002000 rwxp 00001000 08:05 1185545                          /usr/lib/jvm/java-11-openjdk-amd64/lib/server/classes.jsa
800002000-8003b8000 rw-p 00003000 08:05 1185545                          /usr/lib/jvm/java-11-openjdk-amd64/lib/server/classes.jsa
8003b8000-800a93000 r--p 003b9000 08:05 1185545                          /usr/lib/jvm/java-11-openjdk-amd64/lib/server/classes.jsa
800a93000-800a94000 rw-p 00a94000 08:05 1185545                          /usr/lib/jvm/java-11-openjdk-amd64/lib/server/classes.jsa
800a94000-8010a0000 r--p 00a95000 08:05 1185545                          /usr/lib/jvm/java-11-openjdk-amd64/lib/server/classes.jsa
840000000-8408e0000 rw-p 00000000 00:00 0 
8408e0000-880000000 ---p 00000000 00:00 0 
55d9dac9e000-55d9dac9f000 r-xp 00000000 08:05 789358                     /usr/lib/jvm/java-11-openjdk-amd64/bin/java
55d9dae9f000-55d9daea0000 r--p 00001000 08:05 789358                     /usr/lib/jvm/java-11-openjdk-amd64/bin/java
55d9daea0000-55d9daea1000 rw-p 00002000 08:05 789358                     /usr/lib/jvm/java-11-openjdk-amd64/bin/java
55d9db2d6000-55d9db361000 rw-p 00000000 00:00 0                          [heap]
7fbad0000000-7fbad0094000 rw-p 00000000 00:00 0 
7fbad0094000-7fbad4000000 ---p 00000000 00:00 0 
7fbad8000000-7fbad80ab000 rw-p 00000000 00:00 0 
7fbad80ab000-7fbadc000000 ---p 00000000 00:00 0 
7fbadf6f9000-7fbadf6fd000 ---p 00000000 00:00 0 
7fbadf6fd000-7fbadf97a000 rw-p 00000000 00:00 0 
7fbadf97a000-7fbadf9fa000 ---p 00000000 00:00 0 
7fbadf9fa000-7fbadf9fe000 ---p 00000000 00:00 0 
7fbadf9fe000-7fbadfafb000 rw-p 00000000 00:00 0 
7fbadfafb000-7fbadfaff000 ---p 00000000 00:00 0 
7fbadfaff000-7fbadfbfc000 rw-p 00000000 00:00 0 
7fbadfbfc000-7fbadfc00000 ---p 00000000 00:00 0 
7fbadfc00000-7fbadfcfd000 rw-p 00000000 00:00 0 
7fbadfcfd000-7fbadfd01000 ---p 00000000 00:00 0 
7fbadfd01000-7fbadfdfe000 rw-p 00000000 00:00 0 
7fbadfdfe000-7fbadfe02000 ---p 00000000 00:00 0 
7fbadfe02000-7fbadfeff000 rw-p 00000000 00:00 0 
7fbadfeff000-7fbadff03000 ---p 00000000 00:00 0 
7fbadff03000-7fbae0000000 rw-p 00000000 00:00 0 
7fbae0000000-7fbae0021000 rw-p 00000000 00:00 0 
7fbae0021000-7fbae4000000 ---p 00000000 00:00 0 
7fbae4000000-7fbae40a1000 rw-p 00000000 00:00 0 
7fbae40a1000-7fbae8000000 ---p 00000000 00:00 0 
7fbae8000000-7fbae8021000 rw-p 00000000 00:00 0 
7fbae8021000-7fbaec000000 ---p 00000000 00:00 0 
7fbaec000000-7fbaec021000 rw-p 00000000 00:00 0 
7fbaec021000-7fbaf0000000 ---p 00000000 00:00 0 
7fbaf0000000-7fbaf0021000 rw-p 00000000 00:00 0 
7fbaf0021000-7fbaf4000000 ---p 00000000 00:00 0 
7fbaf4000000-7fbaf4021000 rw-p 00000000 00:00 0 
7fbaf4021000-7fbaf8000000 ---p 00000000 00:00 0 
7fbaf8000000-7fbaf8021000 rw-p 00000000 00:00 0 
7fbaf8021000-7fbafc000000 ---p 00000000 00:00 0 
7fbafc000000-7fbafc021000 rw-p 00000000 00:00 0 
7fbafc021000-7fbb00000000 ---p 00000000 00:00 0 
7fbb00000000-7fbb00021000 rw-p 00000000 00:00 0 
7fbb00021000-7fbb04000000 ---p 00000000 00:00 0 
7fbb04000000-7fbb04021000 rw-p 00000000 00:00 0 
7fbb04021000-7fbb08000000 ---p 00000000 00:00 0 
7fbb08000000-7fbb08021000 rw-p 00000000 00:00 0 
7fbb08021000-7fbb0c000000 ---p 00000000 00:00 0 
7fbb0c000000-7fbb0c021000 rw-p 00000000 00:00 0 
7fbb0c021000-7fbb10000000 ---p 00000000 00:00 0 
7fbb10000000-7fbb10021000 rw-p 00000000 00:00 0 
7fbb10021000-7fbb14000000 ---p 00000000 00:00 0 
7fbb14000000-7fbb14021000 rw-p 00000000 00:00 0 
7fbb14021000-7fbb18000000 ---p 00000000 00:00 0 
7fbb18000000-7fbb18021000 rw-p 00000000 00:00 0 
7fbb18021000-7fbb1c000000 ---p 00000000 00:00 0 
7fbb1c000000-7fbb1c021000 rw-p 00000000 00:00 0 
7fbb1c021000-7fbb20000000 ---p 00000000 00:00 0 
7fbb20000000-7fbb20021000 rw-p 00000000 00:00 0 
7fbb20021000-7fbb24000000 ---p 00000000 00:00 0 
7fbb24000000-7fbb24021000 rw-p 00000000 00:00 0 
7fbb24021000-7fbb28000000 ---p 00000000 00:00 0 
7fbb28000000-7fbb28034000 rw-p 00000000 00:00 0 
7fbb28034000-7fbb2c000000 ---p 00000000 00:00 0 
7fbb2c000000-7fbb2c021000 rw-p 00000000 00:00 0 
7fbb2c021000-7fbb30000000 ---p 00000000 00:00 0 
7fbb30000000-7fbb30021000 rw-p 00000000 00:00 0 
7fbb30021000-7fbb34000000 ---p 00000000 00:00 0 
7fbb34000000-7fbb34035000 rw-p 00000000 00:00 0 
7fbb34035000-7fbb38000000 ---p 00000000 00:00 0 
7fbb38000000-7fbb38021000 rw-p 00000000 00:00 0 
7fbb38021000-7fbb3c000000 ---p 00000000 00:00 0 
7fbb3c000000-7fbb3c021000 rw-p 00000000 00:00 0 
7fbb3c021000-7fbb40000000 ---p 00000000 00:00 0 
7fbb40000000-7fbb40021000 rw-p 00000000 00:00 0 
7fbb40021000-7fbb44000000 ---p 00000000 00:00 0 
7fbb44000000-7fbb44021000 rw-p 00000000 00:00 0 
7fbb44021000-7fbb48000000 ---p 00000000 00:00 0 
7fbb480cc000-7fbb480d0000 ---p 00000000 00:00 0 
7fbb480d0000-7fbb481cd000 rw-p 00000000 00:00 0 
7fbb481cd000-7fbb481ce000 ---p 00000000 00:00 0 
7fbb481ce000-7fbb482cf000 rw-p 00000000 00:00 0 
7fbb482cf000-7fbb482d0000 ---p 00000000 00:00 0 
7fbb482d0000-7fbb483d1000 rw-p 00000000 00:00 0 
7fbb483d1000-7fbb483d2000 ---p 00000000 00:00 0 
7fbb483d2000-7fbb484d3000 rw-p 00000000 00:00 0 
7fbb484d3000-7fbb484d4000 ---p 00000000 00:00 0 
7fbb484d4000-7fbb485d5000 rw-p 00000000 00:00 0 
7fbb485d5000-7fbb485d6000 ---p 00000000 00:00 0 
7fbb485d6000-7fbb488d7000 rw-p 00000000 00:00 0 
7fbb488d7000-7fbb48ad7000 rw-p 00000000 00:00 0 
7fbb48ad7000-7fbb48adb000 ---p 00000000 00:00 0 
7fbb48adb000-7fbb48dd8000 rw-p 00000000 00:00 0 
7fbb48ded000-7fbb48df1000 ---p 00000000 00:00 0 
7fbb48df1000-7fbb48eee000 rw-p 00000000 00:00 0 
7fbb48eee000-7fbb48ef2000 ---p 00000000 00:00 0 
7fbb48ef2000-7fbb491ef000 rw-p 00000000 00:00 0 
7fbb491ef000-7fbb493ef000 rw-p 00000000 00:00 0 
7fbb493ef000-7fbb495ef000 rw-p 00000000 00:00 0 
7fbb495ef000-7fbb497ef000 rw-p 00000000 00:00 0 
7fbb497ef000-7fbb499ef000 rw-p 00000000 00:00 0 
7fbb499ef000-7fbb499f3000 ---p 00000000 00:00 0 
7fbb499f3000-7fbb49cf0000 rw-p 00000000 00:00 0 
7fbb49cf0000-7fbb49cf4000 ---p 00000000 00:00 0 
7fbb49cf4000-7fbb49ff1000 rw-p 00000000 00:00 0 
7fbb49ff1000-7fbb4a1d9000 rw-p 00000000 00:00 0 
7fbb4a1d9000-7fbb4a1f1000 ---p 00000000 00:00 0 
7fbb4a1f1000-7fbb4a1f5000 ---p 00000000 00:00 0 
7fbb4a1f5000-7fbb4a2f2000 rw-p 00000000 00:00 0 
7fbb4a2f2000-7fbb4a2f6000 ---p 00000000 00:00 0 
7fbb4a2f6000-7fbb4a3f3000 rw-p 00000000 00:00 0 
7fbb4a3f3000-7fbb4a3f7000 ---p 00000000 00:00 0 
7fbb4a3f7000-7fbb4a4f4000 rw-p 00000000 00:00 0 
7fbb4a4f4000-7fbb4a4f8000 ---p 00000000 00:00 0 
7fbb4a4f8000-7fbb4a5f5000 rw-p 00000000 00:00 0 
7fbb4a5f5000-7fbb4a5f9000 ---p 00000000 00:00 0 
7fbb4a5f9000-7fbb4a6f6000 rw-p 00000000 00:00 0 
7fbb4a6f6000-7fbb4a6fa000 ---p 00000000 00:00 0 
7fbb4a6fa000-7fbb4a7f7000 rw-p 00000000 00:00 0 
7fbb4a7f7000-7fbb4a7fb000 ---p 00000000 00:00 0 
7fbb4a7fb000-7fbb4a8f8000 rw-p 00000000 00:00 0 
7fbb4a8f8000-7fbb4a8fc000 ---p 00000000 00:00 0 
7fbb4a8fc000-7fbb4abf9000 rw-p 00000000 00:00 0 
7fbb4abf9000-7fbb4adf9000 rw-p 00000000 00:00 0 
7fbb4adf9000-7fbb4aff9000 rw-p 00000000 00:00 0 
7fbb4aff9000-7fbb4b1f9000 rw-p 00000000 00:00 0 
7fbb4b1f9000-7fbb4b3f9000 rw-p 00000000 00:00 0 
7fbb4b3f9000-7fbb4b5f9000 rw-p 00000000 00:00 0 
7fbb4b5f9000-7fbb4b5fa000 ---p 00000000 00:00 0 
7fbb4b5fa000-7fbb4b6fb000 rw-p 00000000 00:00 0 
7fbb4b6fb000-7fbb4b6ff000 ---p 00000000 00:00 0 
7fbb4b6ff000-7fbb4b9e8000 rw-p 00000000 00:00 0 
7fbb4b9e8000-7fbb4b9fc000 ---p 00000000 00:00 0 
7fbb4b9fc000-7fbb4ba00000 ---p 00000000 00:00 0 
7fbb4ba00000-7fbb4bafd000 rw-p 00000000 00:00 0 
7fbb4bafd000-7fbb4bb01000 ---p 00000000 00:00 0 
7fbb4bb01000-7fbb4bdfe000 rw-p 00000000 00:00 0 
7fbb4bdfe000-7fbb4be02000 ---p 00000000 00:00 0 
7fbb4be02000-7fbb4beff000 rw-p 00000000 00:00 0 
7fbb4beff000-7fbb4bf03000 ---p 00000000 00:00 0 
7fbb4bf03000-7fbb4c000000 rw-p 00000000 00:00 0 
7fbb4c000000-7fbb4c021000 rw-p 00000000 00:00 0 
7fbb4c021000-7fbb50000000 ---p 00000000 00:00 0 
7fbb50000000-7fbb50021000 rw-p 00000000 00:00 0 
7fbb50021000-7fbb54000000 ---p 00000000 00:00 0 
7fbb54000000-7fbb54021000 rw-p 00000000 00:00 0 
7fbb54021000-7fbb58000000 ---p 00000000 00:00 0 
7fbb58000000-7fbb58021000 rw-p 00000000 00:00 0 
7fbb58021000-7fbb5c000000 ---p 00000000 00:00 0 
7fbb5c000000-7fbb5c021000 rw-p 00000000 00:00 0 
7fbb5c021000-7fbb60000000 ---p 00000000 00:00 0 
7fbb60000000-7fbb60021000 rw-p 00000000 00:00 0 
7fbb60021000-7fbb64000000 ---p 00000000 00:00 0 
7fbb64000000-7fbb64021000 rw-p 00000000 00:00 0 
7fbb64021000-7fbb68000000 ---p 00000000 00:00 0 
7fbb68000000-7fbb68021000 rw-p 00000000 00:00 0 
7fbb68021000-7fbb6c000000 ---p 00000000 00:00 0 
7fbb6c000000-7fbb6c021000 rw-p 00000000 00:00 0 
7fbb6c021000-7fbb70000000 ---p 00000000 00:00 0 
7fbb70000000-7fbb70021000 rw-p 00000000 00:00 0 
7fbb70021000-7fbb74000000 ---p 00000000 00:00 0 
7fbb74000000-7fbb74021000 rw-p 00000000 00:00 0 
7fbb74021000-7fbb78000000 ---p 00000000 00:00 0 
7fbb78000000-7fbb795f7000 rw-p 00000000 00:00 0 
7fbb795f7000-7fbb7c000000 ---p 00000000 00:00 0 
7fbb7c000000-7fbb7c021000 rw-p 00000000 00:00 0 
7fbb7c021000-7fbb80000000 ---p 00000000 00:00 0 
7fbb80000000-7fbb80021000 rw-p 00000000 00:00 0 
7fbb80021000-7fbb84000000 ---p 00000000 00:00 0 
7fbb84000000-7fbb84051000 rw-p 00000000 00:00 0 
7fbb84051000-7fbb88000000 ---p 00000000 00:00 0 
7fbb88000000-7fbb88021000 rw-p 00000000 00:00 0 
7fbb88021000-7fbb8c000000 ---p 00000000 00:00 0 
7fbb8c000000-7fbb8c021000 rw-p 00000000 00:00 0 
7fbb8c021000-7fbb90000000 ---p 00000000 00:00 0 
7fbb90000000-7fbb90021000 rw-p 00000000 00:00 0 
7fbb90021000-7fbb94000000 ---p 00000000 00:00 0 
7fbb94000000-7fbb94021000 rw-p 00000000 00:00 0 
7fbb94021000-7fbb98000000 ---p 00000000 00:00 0 
7fbb98000000-7fbb98021000 rw-p 00000000 00:00 0 
7fbb98021000-7fbb9c000000 ---p 00000000 00:00 0 
7fbb9c000000-7fbb9c021000 rw-p 00000000 00:00 0 
7fbb9c021000-7fbba0000000 ---p 00000000 00:00 0 
7fbba0000000-7fbba0021000 rw-p 00000000 00:00 0 
7fbba0021000-7fbba4000000 ---p 00000000 00:00 0 
7fbba4000000-7fbba469f000 rw-p 00000000 00:00 0 
7fbba469f000-7fbba8000000 ---p 00000000 00:00 0 
7fbba8000000-7fbba8021000 rw-p 00000000 00:00 0 
7fbba8021000-7fbbac000000 ---p 00000000 00:00 0 
7fbbac000000-7fbbac021000 rw-p 00000000 00:00 0 
7fbbac021000-7fbbb0000000 ---p 00000000 00:00 0 
7fbbb0000000-7fbbb1d5b000 rw-p 00000000 00:00 0 
7fbbb1d5b000-7fbbb4000000 ---p 00000000 00:00 0 
7fbbb4000000-7fbbb4021000 rw-p 00000000 00:00 0 
7fbbb4021000-7fbbb8000000 ---p 00000000 00:00 0 
7fbbb8000000-7fbbb8021000 rw-p 00000000 00:00 0 
7fbbb8021000-7fbbbc000000 ---p 00000000 00:00 0 
7fbbbc000000-7fbbbc021000 rw-p 00000000 00:00 0 
7fbbbc021000-7fbbc0000000 ---p 00000000 00:00 0 
7fbbc0000000-7fbbc03c2000 rw-p 00000000 00:00 0 
7fbbc03c2000-7fbbc4000000 ---p 00000000 00:00 0 
7fbbc4000000-7fbbc4021000 rw-p 00000000 00:00 0 
7fbbc4021000-7fbbc8000000 ---p 00000000 00:00 0 
7fbbc8000000-7fbbc8025000 rw-p 00000000 00:00 0 
7fbbc8025000-7fbbcc000000 ---p 00000000 00:00 0 
7fbbcc0d9000-7fbbcc2d9000 rw-p 00000000 00:00 0 
7fbbcc2d9000-7fbbcc2da000 ---p 00000000 00:00 0 
7fbbcc2da000-7fbbcc3db000 rw-p 00000000 00:00 0 
7fbbcc3db000-7fbbcc3dc000 ---p 00000000 00:00 0 
7fbbcc3dc000-7fbbcc4dd000 rw-p 00000000 00:00 0 
7fbbcc4dd000-7fbbcc4de000 ---p 00000000 00:00 0 
7fbbcc4de000-7fbbcc5df000 rw-p 00000000 00:00 0 
7fbbcc5df000-7fbbcc5e0000 ---p 00000000 00:00 0 
7fbbcc5e0000-7fbbcc6e1000 rw-p 00000000 00:00 0 
7fbbcc6e1000-7fbbcc6e2000 ---p 00000000 00:00 0 
7fbbcc6e2000-7fbbcc7e3000 rw-p 00000000 00:00 0 
7fbbcc7e3000-7fbbcc7e7000 ---p 00000000 00:00 0 
7fbbcc7e7000-7fbbccae4000 rw-p 00000000 00:00 0 
7fbbccae4000-7fbbccae8000 ---p 00000000 00:00 0 
7fbbccae8000-7fbbccbe5000 rw-p 00000000 00:00 0 
7fbbccbe5000-7fbbccbe9000 ---p 00000000 00:00 0 
7fbbccbe9000-7fbbccee6000 rw-p 00000000 00:00 0 
7fbbccee6000-7fbbcceea000 ---p 00000000 00:00 0 
7fbbcceea000-7fbbccfe7000 rw-p 00000000 00:00 0 
7fbbccfe7000-7fbbccfeb000 ---p 00000000 00:00 0 
7fbbccfeb000-7fbbcd0e8000 rw-p 00000000 00:00 0 
7fbbcd0e8000-7fbbcd0ec000 ---p 00000000 00:00 0 
7fbbcd0ec000-7fbbcd1e9000 rw-p 00000000 00:00 0 
7fbbcd1e9000-7fbbcd1ed000 ---p 00000000 00:00 0 
7fbbcd1ed000-7fbbcd2ea000 rw-p 00000000 00:00 0 
7fbbcd2ea000-7fbbcd2ee000 ---p 00000000 00:00 0 
7fbbcd2ee000-7fbbcd3eb000 rw-p 00000000 00:00 0 
7fbbcd3eb000-7fbbcd3ef000 ---p 00000000 00:00 0 
7fbbcd3ef000-7fbbcd4ec000 rw-p 00000000 00:00 0 
7fbbcd4ec000-7fbbcd4f0000 ---p 00000000 00:00 0 
7fbbcd4f0000-7fbbcd5ed000 rw-p 00000000 00:00 0 
7fbbcd5ed000-7fbbcd5f1000 ---p 00000000 00:00 0 
7fbbcd5f1000-7fbbcd6ee000 rw-p 00000000 00:00 0 
7fbbcd6ee000-7fbbcd6f2000 ---p 00000000 00:00 0 
7fbbcd6f2000-7fbbcd7ef000 rw-p 00000000 00:00 0 
7fbbcd7ef000-7fbbcd7f1000 r-xp 00000000 08:05 918060                     /usr/lib/jvm/java-11-openjdk-amd64/lib/libextnet.so
7fbbcd7f1000-7fbbcd9f0000 ---p 00002000 08:05 918060                     /usr/lib/jvm/java-11-openjdk-amd64/lib/libextnet.so
7fbbcd9f0000-7fbbcd9f1000 r--p 00001000 08:05 918060                     /usr/lib/jvm/java-11-openjdk-amd64/lib/libextnet.so
7fbbcd9f1000-7fbbcd9f2000 rw-p 00002000 08:05 918060                     /usr/lib/jvm/java-11-openjdk-amd64/lib/libextnet.so
7fbbcd9f2000-7fbbcd9f6000 ---p 00000000 00:00 0 
7fbbcd9f6000-7fbbcdaf3000 rw-p 00000000 00:00 0 
7fbbcdaf3000-7fbbcdaf8000 r-xp 00000000 08:05 918077                     /usr/lib/jvm/java-11-openjdk-amd64/lib/libmanagement_ext.so
7fbbcdaf8000-7fbbcdcf7000 ---p 00005000 08:05 918077                     /usr/lib/jvm/java-11-openjdk-amd64/lib/libmanagement_ext.so
7fbbcdcf7000-7fbbcdcf8000 r--p 00004000 08:05 918077                     /usr/lib/jvm/java-11-openjdk-amd64/lib/libmanagement_ext.so
7fbbcdcf8000-7fbbcdcf9000 rw-p 00005000 08:05 918077                     /usr/lib/jvm/java-11-openjdk-amd64/lib/libmanagement_ext.so
7fbbcdcf9000-7fbbcdcfd000 r-xp 00000000 08:05 918075                     /usr/lib/jvm/java-11-openjdk-amd64/lib/libmanagement.so
7fbbcdcfd000-7fbbcdefc000 ---p 00004000 08:05 918075                     /usr/lib/jvm/java-11-openjdk-amd64/lib/libmanagement.so
7fbbcdefc000-7fbbcdefd000 r--p 00003000 08:05 918075                     /usr/lib/jvm/java-11-openjdk-amd64/lib/libmanagement.so
7fbbcdefd000-7fbbcdefe000 rw-p 00004000 08:05 918075                     /usr/lib/jvm/java-11-openjdk-amd64/lib/libmanagement.so
7fbbcdefe000-7fbbcdeff000 ---p 00000000 00:00 0 
7fbbcdeff000-7fbbd0000000 rw-p 00000000 00:00 0 
7fbbd0000000-7fbbd0021000 rw-p 00000000 00:00 0 
7fbbd0021000-7fbbd4000000 ---p 00000000 00:00 0 
7fbbd4003000-7fbbd4009000 r-xp 00000000 08:05 2256132                    /home/ranan/.gradle/native/31/linux-amd64/libnative-platform.so
7fbbd4009000-7fbbd4208000 ---p 00006000 08:05 2256132                    /home/ranan/.gradle/native/31/linux-amd64/libnative-platform.so
7fbbd4208000-7fbbd4209000 rw-p 00005000 08:05 2256132                    /home/ranan/.gradle/native/31/linux-amd64/libnative-platform.so
7fbbd4209000-7fbbd421f000 r-xp 00000000 08:05 918079                     /usr/lib/jvm/java-11-openjdk-amd64/lib/libnet.so
7fbbd421f000-7fbbd441e000 ---p 00016000 08:05 918079                     /usr/lib/jvm/java-11-openjdk-amd64/lib/libnet.so
7fbbd441e000-7fbbd441f000 r--p 00015000 08:05 918079                     /usr/lib/jvm/java-11-openjdk-amd64/lib/libnet.so
7fbbd441f000-7fbbd4420000 rw-p 00016000 08:05 918079                     /usr/lib/jvm/java-11-openjdk-amd64/lib/libnet.so
7fbbd4420000-7fbbd4430000 r-xp 00000000 08:05 918080                     /usr/lib/jvm/java-11-openjdk-amd64/lib/libnio.so
7fbbd4430000-7fbbd462f000 ---p 00010000 08:05 918080                     /usr/lib/jvm/java-11-openjdk-amd64/lib/libnio.so
7fbbd462f000-7fbbd4630000 r--p 0000f000 08:05 918080                     /usr/lib/jvm/java-11-openjdk-amd64/lib/libnio.so
7fbbd4630000-7fbbd4631000 rw-p 00010000 08:05 918080                     /usr/lib/jvm/java-11-openjdk-amd64/lib/libnio.so
7fbbd4631000-7fbbd5000000 r--p 00000000 08:05 793370                     /usr/lib/locale/locale-archive
7fbbd5000000-7fbbd5258000 rw-p 00000000 00:00 0 
7fbbd5258000-7fbbd67f8000 ---p 00000000 00:00 0 
7fbbd67f8000-7fbbd6a58000 rw-p 00000000 00:00 0 
7fbbd6a58000-7fbbd7ff8000 ---p 00000000 00:00 0 
7fbbd7ff8000-7fbbd8000000 rw-p 00000000 00:00 0 
7fbbd8000000-7fbbd8021000 rw-p 00000000 00:00 0 
7fbbd8021000-7fbbdc000000 ---p 00000000 00:00 0 
7fbbdc002000-7fbbdc003000 ---p 00000000 00:00 0 
7fbbdc003000-7fbbdc104000 rw-p 00000000 00:00 0 
7fbbdc104000-7fbbdc105000 ---p 00000000 00:00 0 
7fbbdc105000-7fbbdc206000 rw-p 00000000 00:00 0 
7fbbdc206000-7fbbdc20a000 ---p 00000000 00:00 0 
7fbbdc20a000-7fbbdc307000 rw-p 00000000 00:00 0 
7fbbdc307000-7fbbdc30b000 ---p 00000000 00:00 0 
7fbbdc30b000-7fbbdc408000 rw-p 00000000 00:00 0 
7fbbdc408000-7fbbdc40c000 ---p 00000000 00:00 0 
7fbbdc40c000-7fbbdc509000 rw-p 00000000 00:00 0 
7fbbdc509000-7fbbdc50d000 ---p 00000000 00:00 0 
7fbbdc50d000-7fbbdc60a000 rw-p 00000000 00:00 0 
7fbbdc60a000-7fbbdc60e000 ---p 00000000 00:00 0 
7fbbdc60e000-7fbbdc70b000 rw-p 00000000 00:00 0 
7fbbdc70b000-7fbbdc70f000 ---p 00000000 00:00 0 
7fbbdc70f000-7fbbdc80c000 rw-p 00000000 00:00 0 
7fbbdc80c000-7fbbdc810000 ---p 00000000 00:00 0 
7fbbdc810000-7fbbdc90d000 rw-p 00000000 00:00 0 
7fbbdc90d000-7fbbdcb7d000 rwxp 00000000 00:00 0 
7fbbdcb7d000-7fbbdce9e000 ---p 00000000 00:00 0 
7fbbdce9e000-7fbbddf4e000 rwxp 00000000 00:00 0 
7fbbddf4e000-7fbbe43d5000 ---p 00000000 00:00 0 
7fbbe43d5000-7fbbe4825000 rwxp 00000000 00:00 0 
7fbbe4825000-7fbbeb90d000 ---p 00000000 00:00 0 
7fbbeb90d000-7fbbf4000000 r--s 00000000 08:05 918089                     /usr/lib/jvm/java-11-openjdk-amd64/lib/modules
7fbbf4000000-7fbbf5219000 rw-p 00000000 00:00 0 
7fbbf5219000-7fbbf8000000 ---p 00000000 00:00 0 
7fbbf803c000-7fbbf8062000 r--p 00000000 08:05 1446457                    /usr/share/locale-langpack/pt_BR/LC_MESSAGES/libc.mo
7fbbf8062000-7fbbf8093000 rw-p 00000000 00:00 0 
7fbbf8093000-7fbbf8097000 ---p 00000000 00:00 0 
7fbbf8097000-7fbbf8194000 rw-p 00000000 00:00 0 
7fbbf8194000-7fbbf8195000 ---p 00000000 00:00 0 
7fbbf8195000-7fbbf8b72000 rw-p 00000000 00:00 0 
7fbbf8b72000-7fbbf8b73000 ---p 00000000 00:00 0 
7fbbf8b73000-7fbbf8c74000 rw-p 00000000 00:00 0 
7fbbf8c74000-7fbbf8c75000 ---p 00000000 00:00 0 
7fbbf8c75000-7fbbf957e000 rw-p 00000000 00:00 0 
7fbbf957e000-7fbbf957f000 ---p 00000000 00:00 0 
7fbbf957f000-7fbbf9680000 rw-p 00000000 00:00 0 
7fbbf9680000-7fbbf9681000 ---p 00000000 00:00 0 
7fbbf9681000-7fbbf97cd000 rw-p 00000000 00:00 0 
7fbbf97cd000-7fbbf9a81000 ---p 00000000 00:00 0 
7fbbf9a81000-7fbbf9acd000 rw-p 00000000 00:00 0 
7fbbf9acd000-7fbbf9d81000 ---p 00000000 00:00 0 
7fbbf9d81000-7fbbf9dcd000 rw-p 00000000 00:00 0 
7fbbf9dcd000-7fbbfa081000 ---p 00000000 00:00 0 
7fbbfa081000-7fbbfa88a000 rw-p 00000000 00:00 0 
7fbbfa88a000-7fbbfa88b000 ---p 00000000 00:00 0 
7fbbfa88b000-7fbbfa995000 rw-p 00000000 00:00 0 
7fbbfa995000-7fbbfaa77000 ---p 00000000 00:00 0 
7fbbfaa77000-7fbbfaa99000 rw-p 00000000 00:00 0 
7fbbfaa99000-7fbbfab62000 ---p 00000000 00:00 0 
7fbbfab62000-7fbbfab67000 r-xp 00000000 08:05 918071                     /usr/lib/jvm/java-11-openjdk-amd64/lib/libjimage.so
7fbbfab67000-7fbbfad66000 ---p 00005000 08:05 918071                     /usr/lib/jvm/java-11-openjdk-amd64/lib/libjimage.so
7fbbfad66000-7fbbfad67000 r--p 00004000 08:05 918071                     /usr/lib/jvm/java-11-openjdk-amd64/lib/libjimage.so
7fbbfad67000-7fbbfad68000 rw-p 00005000 08:05 918071                     /usr/lib/jvm/java-11-openjdk-amd64/lib/libjimage.so
7fbbfad68000-7fbbfad6f000 r-xp 00000000 08:05 918088                     /usr/lib/jvm/java-11-openjdk-amd64/lib/libzip.so
7fbbfad6f000-7fbbfaf6e000 ---p 00007000 08:05 918088                     /usr/lib/jvm/java-11-openjdk-amd64/lib/libzip.so
7fbbfaf6e000-7fbbfaf6f000 r--p 00006000 08:05 918088                     /usr/lib/jvm/java-11-openjdk-amd64/lib/libzip.so
7fbbfaf6f000-7fbbfaf70000 rw-p 00007000 08:05 918088                     /usr/lib/jvm/java-11-openjdk-amd64/lib/libzip.so
7fbbfaf70000-7fbbfaf7b000 r-xp 00000000 08:05 1971035                    /lib/x86_64-linux-gnu/libnss_files-2.27.so
7fbbfaf7b000-7fbbfb17a000 ---p 0000b000 08:05 1971035                    /lib/x86_64-linux-gnu/libnss_files-2.27.so
7fbbfb17a000-7fbbfb17b000 r--p 0000a000 08:05 1971035                    /lib/x86_64-linux-gnu/libnss_files-2.27.so
7fbbfb17b000-7fbbfb17c000 rw-p 0000b000 08:05 1971035                    /lib/x86_64-linux-gnu/libnss_files-2.27.so
7fbbfb17c000-7fbbfb182000 rw-p 00000000 00:00 0 
7fbbfb182000-7fbbfb199000 r-xp 00000000 08:05 1971029                    /lib/x86_64-linux-gnu/libnsl-2.27.so
7fbbfb199000-7fbbfb398000 ---p 00017000 08:05 1971029                    /lib/x86_64-linux-gnu/libnsl-2.27.so
7fbbfb398000-7fbbfb399000 r--p 00016000 08:05 1971029                    /lib/x86_64-linux-gnu/libnsl-2.27.so
7fbbfb399000-7fbbfb39a000 rw-p 00017000 08:05 1971029                    /lib/x86_64-linux-gnu/libnsl-2.27.so
7fbbfb39a000-7fbbfb39c000 rw-p 00000000 00:00 0 
7fbbfb39c000-7fbbfb3a7000 r-xp 00000000 08:05 1971046                    /lib/x86_64-linux-gnu/libnss_nis-2.27.so
7fbbfb3a7000-7fbbfb5a6000 ---p 0000b000 08:05 1971046                    /lib/x86_64-linux-gnu/libnss_nis-2.27.so
7fbbfb5a6000-7fbbfb5a7000 r--p 0000a000 08:05 1971046                    /lib/x86_64-linux-gnu/libnss_nis-2.27.so
7fbbfb5a7000-7fbbfb5a8000 rw-p 0000b000 08:05 1971046                    /lib/x86_64-linux-gnu/libnss_nis-2.27.so
7fbbfb5a8000-7fbbfb5b0000 r-xp 00000000 08:05 1971031                    /lib/x86_64-linux-gnu/libnss_compat-2.27.so
7fbbfb5b0000-7fbbfb7b0000 ---p 00008000 08:05 1971031                    /lib/x86_64-linux-gnu/libnss_compat-2.27.so
7fbbfb7b0000-7fbbfb7b1000 r--p 00008000 08:05 1971031                    /lib/x86_64-linux-gnu/libnss_compat-2.27.so
7fbbfb7b1000-7fbbfb7b2000 rw-p 00009000 08:05 1971031                    /lib/x86_64-linux-gnu/libnss_compat-2.27.so
7fbbfb7b2000-7fbbfb7db000 r-xp 00000000 08:05 918067                     /usr/lib/jvm/java-11-openjdk-amd64/lib/libjava.so
7fbbfb7db000-7fbbfb9da000 ---p 00029000 08:05 918067                     /usr/lib/jvm/java-11-openjdk-amd64/lib/libjava.so
7fbbfb9da000-7fbbfb9db000 r--p 00028000 08:05 918067                     /usr/lib/jvm/java-11-openjdk-amd64/lib/libjava.so
7fbbfb9db000-7fbbfb9dd000 rw-p 00029000 08:05 918067                     /usr/lib/jvm/java-11-openjdk-amd64/lib/libjava.so
7fbbfb9dd000-7fbbfb9ea000 r-xp 00000000 08:05 918087                     /usr/lib/jvm/java-11-openjdk-amd64/lib/libverify.so
7fbbfb9ea000-7fbbfbbe9000 ---p 0000d000 08:05 918087                     /usr/lib/jvm/java-11-openjdk-amd64/lib/libverify.so
7fbbfbbe9000-7fbbfbbeb000 r--p 0000c000 08:05 918087                     /usr/lib/jvm/java-11-openjdk-amd64/lib/libverify.so
7fbbfbbeb000-7fbbfbbec000 rw-p 0000e000 08:05 918087                     /usr/lib/jvm/java-11-openjdk-amd64/lib/libverify.so
7fbbfbbec000-7fbbfbbf3000 r-xp 00000000 08:05 1971086                    /lib/x86_64-linux-gnu/librt-2.27.so
7fbbfbbf3000-7fbbfbdf2000 ---p 00007000 08:05 1971086                    /lib/x86_64-linux-gnu/librt-2.27.so
7fbbfbdf2000-7fbbfbdf3000 r--p 00006000 08:05 1971086                    /lib/x86_64-linux-gnu/librt-2.27.so
7fbbfbdf3000-7fbbfbdf4000 rw-p 00007000 08:05 1971086                    /lib/x86_64-linux-gnu/librt-2.27.so
7fbbfbdf4000-7fbbfbe0b000 r-xp 00000000 08:05 1969417                    /lib/x86_64-linux-gnu/libgcc_s.so.1
7fbbfbe0b000-7fbbfc00a000 ---p 00017000 08:05 1969417                    /lib/x86_64-linux-gnu/libgcc_s.so.1
7fbbfc00a000-7fbbfc00b000 r--p 00016000 08:05 1969417                    /lib/x86_64-linux-gnu/libgcc_s.so.1
7fbbfc00b000-7fbbfc00c000 rw-p 00017000 08:05 1969417                    /lib/x86_64-linux-gnu/libgcc_s.so.1
7fbbfc00c000-7fbbfc1a9000 r-xp 00000000 08:05 1971008                    /lib/x86_64-linux-gnu/libm-2.27.so
7fbbfc1a9000-7fbbfc3a8000 ---p 0019d000 08:05 1971008                    /lib/x86_64-linux-gnu/libm-2.27.so
7fbbfc3a8000-7fbbfc3a9000 r--p 0019c000 08:05 1971008                    /lib/x86_64-linux-gnu/libm-2.27.so
7fbbfc3a9000-7fbbfc3aa000 rw-p 0019d000 08:05 1971008                    /lib/x86_64-linux-gnu/libm-2.27.so
7fbbfc3aa000-7fbbfc523000 r-xp 00000000 08:05 787077                     /usr/lib/x86_64-linux-gnu/libstdc++.so.6.0.25
7fbbfc523000-7fbbfc723000 ---p 00179000 08:05 787077                     /usr/lib/x86_64-linux-gnu/libstdc++.so.6.0.25
7fbbfc723000-7fbbfc72d000 r--p 00179000 08:05 787077                     /usr/lib/x86_64-linux-gnu/libstdc++.so.6.0.25
7fbbfc72d000-7fbbfc72f000 rw-p 00183000 08:05 787077                     /usr/lib/x86_64-linux-gnu/libstdc++.so.6.0.25
7fbbfc72f000-7fbbfc733000 rw-p 00000000 00:00 0 
7fbbfc733000-7fbbfd810000 r-xp 00000000 08:05 1185542                    /usr/lib/jvm/java-11-openjdk-amd64/lib/server/libjvm.so
7fbbfd810000-7fbbfda0f000 ---p 010dd000 08:05 1185542                    /usr/lib/jvm/java-11-openjdk-amd64/lib/server/libjvm.so
7fbbfda0f000-7fbbfdacc000 r--p 010dc000 08:05 1185542                    /usr/lib/jvm/java-11-openjdk-amd64/lib/server/libjvm.so
7fbbfdacc000-7fbbfdb06000 rw-p 01199000 08:05 1185542                    /usr/lib/jvm/java-11-openjdk-amd64/lib/server/libjvm.so
7fbbfdb06000-7fbbfdb5c000 rw-p 00000000 00:00 0 
7fbbfdb5c000-7fbbfdb76000 r-xp 00000000 08:05 1971078                    /lib/x86_64-linux-gnu/libpthread-2.27.so
7fbbfdb76000-7fbbfdd75000 ---p 0001a000 08:05 1971078                    /lib/x86_64-linux-gnu/libpthread-2.27.so
7fbbfdd75000-7fbbfdd76000 r--p 00019000 08:05 1971078                    /lib/x86_64-linux-gnu/libpthread-2.27.so
7fbbfdd76000-7fbbfdd77000 rw-p 0001a000 08:05 1971078                    /lib/x86_64-linux-gnu/libpthread-2.27.so
7fbbfdd77000-7fbbfdd7b000 rw-p 00000000 00:00 0 
7fbbfdd7b000-7fbbfdd7e000 r-xp 00000000 08:05 1970968                    /lib/x86_64-linux-gnu/libdl-2.27.so
7fbbfdd7e000-7fbbfdf7d000 ---p 00003000 08:05 1970968                    /lib/x86_64-linux-gnu/libdl-2.27.so
7fbbfdf7d000-7fbbfdf7e000 r--p 00002000 08:05 1970968                    /lib/x86_64-linux-gnu/libdl-2.27.so
7fbbfdf7e000-7fbbfdf7f000 rw-p 00003000 08:05 1970968                    /lib/x86_64-linux-gnu/libdl-2.27.so
7fbbfdf7f000-7fbbfdf9b000 r-xp 00000000 08:05 1971117                    /lib/x86_64-linux-gnu/libz.so.1.2.11
7fbbfdf9b000-7fbbfe19a000 ---p 0001c000 08:05 1971117                    /lib/x86_64-linux-gnu/libz.so.1.2.11
7fbbfe19a000-7fbbfe19b000 r--p 0001b000 08:05 1971117                    /lib/x86_64-linux-gnu/libz.so.1.2.11
7fbbfe19b000-7fbbfe19c000 rw-p 0001c000 08:05 1971117                    /lib/x86_64-linux-gnu/libz.so.1.2.11
7fbbfe19c000-7fbbfe383000 r-xp 00000000 08:05 1970945                    /lib/x86_64-linux-gnu/libc-2.27.so
7fbbfe383000-7fbbfe583000 ---p 001e7000 08:05 1970945                    /lib/x86_64-linux-gnu/libc-2.27.so
7fbbfe583000-7fbbfe587000 r--p 001e7000 08:05 1970945                    /lib/x86_64-linux-gnu/libc-2.27.so
7fbbfe587000-7fbbfe589000 rw-p 001eb000 08:05 1970945                    /lib/x86_64-linux-gnu/libc-2.27.so
7fbbfe589000-7fbbfe58d000 rw-p 00000000 00:00 0 
7fbbfe58d000-7fbbfe59d000 r-xp 00000000 08:05 1060509                    /usr/lib/jvm/java-11-openjdk-amd64/lib/jli/libjli.so
7fbbfe59d000-7fbbfe79c000 ---p 00010000 08:05 1060509                    /usr/lib/jvm/java-11-openjdk-amd64/lib/jli/libjli.so
7fbbfe79c000-7fbbfe79d000 r--p 0000f000 08:05 1060509                    /usr/lib/jvm/java-11-openjdk-amd64/lib/jli/libjli.so
7fbbfe79d000-7fbbfe79e000 rw-p 00010000 08:05 1060509                    /usr/lib/jvm/java-11-openjdk-amd64/lib/jli/libjli.so
7fbbfe79e000-7fbbfe7c5000 r-xp 00000000 08:05 1970917                    /lib/x86_64-linux-gnu/ld-2.27.so
7fbbfe7d3000-7fbbfe7da000 r--s 00000000 08:05 1050796                    /usr/lib/x86_64-linux-gnu/gconv/gconv-modules.cache
7fbbfe7da000-7fbbfe8a8000 rw-p 00000000 00:00 0 
7fbbfe8a8000-7fbbfe8ac000 ---p 00000000 00:00 0 
7fbbfe8ac000-7fbbfe9b0000 rw-p 00000000 00:00 0 
7fbbfe9b0000-7fbbfe9b7000 ---p 00000000 00:00 0 
7fbbfe9b7000-7fbbfe9b9000 r--s 00007000 08:05 1190386                    /usr/share/java/java-atk-wrapper.jar
7fbbfe9b9000-7fbbfe9c1000 rw-s 00000000 08:05 3936801                    /tmp/hsperfdata_ranan/17631
7fbbfe9c1000-7fbbfe9c2000 ---p 00000000 00:00 0 
7fbbfe9c2000-7fbbfe9c3000 r--p 00000000 00:00 0 
7fbbfe9c3000-7fbbfe9c5000 rw-p 00000000 00:00 0 
7fbbfe9c5000-7fbbfe9c6000 r--p 00027000 08:05 1970917                    /lib/x86_64-linux-gnu/ld-2.27.so
7fbbfe9c6000-7fbbfe9c7000 rw-p 00028000 08:05 1970917                    /lib/x86_64-linux-gnu/ld-2.27.so
7fbbfe9c7000-7fbbfe9c8000 rw-p 00000000 00:00 0 
7ffcd56bb000-7ffcd56dc000 rw-p 00000000 00:00 0                          [stack]
7ffcd5798000-7ffcd579b000 r--p 00000000 00:00 0                          [vvar]
7ffcd579b000-7ffcd579d000 r-xp 00000000 00:00 0                          [vdso]
ffffffffff600000-ffffffffff601000 r-xp 00000000 00:00 0                  [vsyscall]


VM Arguments:
jvm_args: --add-opens=java.base/java.util=ALL-UNNAMED --add-opens=java.base/java.lang=ALL-UNNAMED --add-opens=java.base/java.lang.invoke=ALL-UNNAMED --add-opens=java.prefs/java.util.prefs=ALL-UNNAMED -Xmx1536m -Dfile.encoding=UTF-8 -Duser.country=BR -Duser.language=pt -Duser.variant 
java_command: org.gradle.launcher.daemon.bootstrap.GradleDaemon 6.1.1
java_class_path (initial): /home/ranan/.gradle/wrapper/dists/gradle-6.1.1-all/cfmwm155h49vnt3hynmlrsdst/gradle-6.1.1/lib/gradle-launcher-6.1.1.jar
Launcher Type: SUN_STANDARD

[Global flags]
     intx CICompilerCount                          = 4                                         {product} {ergonomic}
     uint ConcGCThreads                            = 2                                         {product} {ergonomic}
     uint G1ConcRefinementThreads                  = 8                                         {product} {ergonomic}
   size_t G1HeapRegionSize                         = 1048576                                   {product} {ergonomic}
    uintx GCDrainStackTargetSize                   = 64                                        {product} {ergonomic}
   size_t InitialHeapSize                          = 130023424                                 {product} {ergonomic}
   size_t MarkStackSize                            = 4194304                                   {product} {ergonomic}
   size_t MaxHeapSize                              = 1610612736                                {product} {command line}
   size_t MaxNewSize                               = 965738496                                 {product} {ergonomic}
   size_t MinHeapDeltaBytes                        = 1048576                                   {product} {ergonomic}
    uintx NonNMethodCodeHeapSize                   = 5836300                                {pd product} {ergonomic}
    uintx NonProfiledCodeHeapSize                  = 122910970                              {pd product} {ergonomic}
    uintx ProfiledCodeHeapSize                     = 122910970                              {pd product} {ergonomic}
    uintx ReservedCodeCacheSize                    = 251658240                              {pd product} {ergonomic}
     bool SegmentedCodeCache                       = true                                      {product} {ergonomic}
     bool UseCompressedClassPointers               = true                                 {lp64_product} {ergonomic}
     bool UseCompressedOops                        = true                                 {lp64_product} {ergonomic}
     bool UseG1GC                                  = true                                      {product} {ergonomic}

Logging:
Log output configuration:
 #0: stdout all=warning uptime,level,tags
 #1: stderr all=off uptime,level,tags

Environment Variables:
PATH=/usr/local/sbin:/usr/local/bin:/usr/sbin:/usr/bin:/sbin:/bin:/usr/games:/usr/local/games:/snap/bin
USERNAME=ranan
SHELL=/bin/bash
DISPLAY=:0

Signal Handlers:
SIGSEGV: [libjvm.so+0xdf8d00], sa_mask[0]=11111111011111111101111111111110, sa_flags=SA_RESTART|SA_SIGINFO
SIGBUS: [libjvm.so+0xdf8d00], sa_mask[0]=11111111011111111101111111111110, sa_flags=SA_RESTART|SA_SIGINFO
SIGFPE: [libjvm.so+0xdf8d00], sa_mask[0]=11111111011111111101111111111110, sa_flags=SA_RESTART|SA_SIGINFO
SIGPIPE: [libjvm.so+0xbcbc30], sa_mask[0]=11111111011111111101111111111110, sa_flags=SA_RESTART|SA_SIGINFO
SIGXFSZ: [libjvm.so+0xbcbc30], sa_mask[0]=11111111011111111101111111111110, sa_flags=SA_RESTART|SA_SIGINFO
SIGILL: [libjvm.so+0xdf8d00], sa_mask[0]=11111111011111111101111111111110, sa_flags=SA_RESTART|SA_SIGINFO
SIGUSR2: [libjvm.so+0xbcbad0], sa_mask[0]=00100000000000000000000000000000, sa_flags=SA_RESTART|SA_SIGINFO
SIGHUP: [libjvm.so+0xbcbe30], sa_mask[0]=11111111011111111101111111111110, sa_flags=SA_RESTART|SA_SIGINFO
SIGINT: [libjvm.so+0xbcbe30], sa_mask[0]=11111111011111111101111111111110, sa_flags=SA_RESTART|SA_SIGINFO
SIGTERM: [libjvm.so+0xbcbe30], sa_mask[0]=11111111011111111101111111111110, sa_flags=SA_RESTART|SA_SIGINFO
SIGQUIT: [libjvm.so+0xbcbe30], sa_mask[0]=11111111011111111101111111111110, sa_flags=SA_RESTART|SA_SIGINFO


---------------  S Y S T E M  ---------------

OS:DISTRIB_ID=Ubuntu
DISTRIB_RELEASE=18.04
DISTRIB_CODENAME=bionic
DISTRIB_DESCRIPTION="Ubuntu 18.04.4 LTS"
uname:Linux 4.15.0-101-generic #102-Ubuntu SMP Mon May 11 10:07:26 UTC 2020 x86_64
OS uptime: 0 days 7:06 hours
libc:glibc 2.27 NPTL 2.27 
rlimit: STACK 8192k, CORE 0k, NPROC 31153, NOFILE 4096, AS infinity, CPU infinity, DATA infinity, FSIZE infinity
load average:84,41 82,88 55,02

/proc/meminfo:
MemTotal:        8062204 kB
MemFree:          118592 kB
MemAvailable:      59936 kB
Buffers:            4984 kB
Cached:           892276 kB
SwapCached:        11360 kB
Active:          6647480 kB
Inactive:         894668 kB
Active(anon):    6605236 kB
Inactive(anon):   831168 kB
Active(file):      42244 kB
Inactive(file):    63500 kB
Unevictable:          48 kB
Mlocked:              48 kB
SwapTotal:       2097148 kB
SwapFree:              8 kB
Dirty:               384 kB
Writeback:          2936 kB
AnonPages:       6635384 kB
Mapped:           167480 kB
Shmem:            790952 kB
Slab:             165144 kB
SReclaimable:      58788 kB
SUnreclaim:       106356 kB
KernelStack:       22320 kB
PageTables:        90700 kB
NFS_Unstable:          0 kB
Bounce:                0 kB
WritebackTmp:          0 kB
CommitLimit:     6128248 kB
Committed_AS:   19829956 kB
VmallocTotal:   34359738367 kB
VmallocUsed:           0 kB
VmallocChunk:          0 kB
HardwareCorrupted:     0 kB
AnonHugePages:     24576 kB
ShmemHugePages:        0 kB
ShmemPmdMapped:        0 kB
CmaTotal:              0 kB
CmaFree:               0 kB
HugePages_Total:       0
HugePages_Free:        0
HugePages_Rsvd:        0
HugePages_Surp:        0
Hugepagesize:       2048 kB
DirectMap4k:      401108 kB
DirectMap2M:     7882752 kB
DirectMap1G:           0 kB


/proc/sys/kernel/threads-max (system-wide limit on the number of threads):
62307


/proc/sys/vm/max_map_count (maximum number of memory map areas a process may have):
65530


/proc/sys/kernel/pid_max (system-wide limit on number of process identifiers):
32768



container (cgroup) information:
container_type: cgroupv1
cpu_cpuset_cpus: 0-7
cpu_memory_nodes: 0
active_processor_count: 8
cpu_quota: -1
cpu_period: 100000
cpu_shares: -1
memory_limit_in_bytes: -1
memory_and_swap_limit_in_bytes: -2
memory_soft_limit_in_bytes: -1
memory_usage_in_bytes: 7723585536
memory_max_usage_in_bytes: 1341722624

Steal ticks since vm start: 0
Steal ticks percentage since vm start:  0,000

CPU:total 8 (initial active 8) (4 cores per cpu, 2 threads per core) family 6 model 142 stepping 10, cmov, cx8, fxsr, mmx, sse, sse2, sse3, ssse3, sse4.1, sse4.2, popcnt, avx, avx2, aes, clmul, erms, 3dnowpref, lzcnt, ht, tsc, tscinvbit, bmi1, bmi2, adx, fma
CPU Model and flags from /proc/cpuinfo:
model name	: Intel(R) Core(TM) i5-8250U CPU @ 1.60GHz
flags		: fpu vme de pse tsc msr pae mce cx8 apic sep mtrr pge mca cmov pat pse36 clflush dts acpi mmx fxsr sse sse2 ss ht tm pbe syscall nx pdpe1gb rdtscp lm constant_tsc art arch_perfmon pebs bts rep_good nopl xtopology nonstop_tsc cpuid aperfmperf tsc_known_freq pni pclmulqdq dtes64 monitor ds_cpl vmx est tm2 ssse3 sdbg fma cx16 xtpr pdcm pcid sse4_1 sse4_2 x2apic movbe popcnt tsc_deadline_timer aes xsave avx f16c rdrand lahf_lm abm 3dnowprefetch cpuid_fault epb invpcid_single pti ssbd ibrs ibpb stibp tpr_shadow vnmi flexpriority ept vpid fsgsbase tsc_adjust bmi1 avx2 smep bmi2 erms invpcid mpx rdseed adx smap clflushopt intel_pt xsaveopt xsavec xgetbv1 xsaves dtherm arat pln pts hwp hwp_notify hwp_act_window hwp_epp md_clear flush_l1d

Memory: 4k page, physical 8062204k(112964k free), swap 2097148k(16k free)

vm_info: OpenJDK 64-Bit Server VM (11.0.7+10-post-Ubuntu-2ubuntu218.04) for linux-amd64 JRE (11.0.7+10-post-Ubuntu-2ubuntu218.04), built on Apr 15 2020 21:12:54 by "unknown" with gcc 7.5.0

END.
